

Started GET "/" for ::1 at 2016-07-02 10:26:30 -0700
Processing by ApplicationController#angular as HTML
  Rendered layouts/application.html.erb within layouts/application (221.5ms)
Completed 500 Internal Server Error in 232ms (ActiveRecord: 0.0ms)

ActionView::Template::Error (couldn't find file 'bootstrap' with type 'text/css'
Checked in these paths: 
  /Users/viparthasarathy/Development/code/fitness-tracker/app/assets/images
  /Users/viparthasarathy/Development/code/fitness-tracker/app/assets/javascripts
  /Users/viparthasarathy/Development/code/fitness-tracker/app/assets/stylesheets
  /Users/viparthasarathy/Development/code/fitness-tracker/vendor/assets/bower_components
  /Users/viparthasarathy/Development/code/fitness-tracker/vendor/assets/stylesheets):
     6:   <script src="https://ajax.googleapis.com/ajax/libs/angularjs/1.5.6/angular.min.js"></script>
     7:   <script src="https://cdnjs.cloudflare.com/ajax/libs/angular-ui-router/0.3.1/angular-ui-router.js"></script>
     8: 
     9:   <%= stylesheet_link_tag    'application', media: 'all' %>
    10:   <%= javascript_include_tag 'application' %>
    11:   <%= csrf_meta_tags %>
    12: </head>
  app/assets/stylesheets/application.css:13
  app/views/layouts/application.html.erb:9:in `_app_views_layouts_application_html_erb___1927057389588889266_70108915709760'
  app/controllers/application_controller.rb:7:in `angular'


  Rendered /Users/viparthasarathy/.rvm/gems/ruby-2.2.3/gems/actionpack-4.2.6/lib/action_dispatch/middleware/templates/rescues/_source.erb (7.0ms)
  Rendered /Users/viparthasarathy/.rvm/gems/ruby-2.2.3/gems/actionpack-4.2.6/lib/action_dispatch/middleware/templates/rescues/_trace.html.erb (3.3ms)
  Rendered /Users/viparthasarathy/.rvm/gems/ruby-2.2.3/gems/actionpack-4.2.6/lib/action_dispatch/middleware/templates/rescues/_request_and_response.html.erb (9.9ms)
  Rendered /Users/viparthasarathy/.rvm/gems/ruby-2.2.3/gems/actionpack-4.2.6/lib/action_dispatch/middleware/templates/rescues/template_error.html.erb within rescues/layout (61.8ms)
  Rendered /Users/viparthasarathy/.rvm/gems/ruby-2.2.3/gems/web-console-2.3.0/lib/web_console/templates/_markup.html.erb (0.4ms)
  Rendered /Users/viparthasarathy/.rvm/gems/ruby-2.2.3/gems/web-console-2.3.0/lib/web_console/templates/_inner_console_markup.html.erb within layouts/inlined_string (0.3ms)
  Rendered /Users/viparthasarathy/.rvm/gems/ruby-2.2.3/gems/web-console-2.3.0/lib/web_console/templates/_prompt_box_markup.html.erb within layouts/inlined_string (0.3ms)
  Rendered /Users/viparthasarathy/.rvm/gems/ruby-2.2.3/gems/web-console-2.3.0/lib/web_console/templates/style.css.erb within layouts/inlined_string (0.4ms)
  Rendered /Users/viparthasarathy/.rvm/gems/ruby-2.2.3/gems/web-console-2.3.0/lib/web_console/templates/console.js.erb within layouts/javascript (48.1ms)
  Rendered /Users/viparthasarathy/.rvm/gems/ruby-2.2.3/gems/web-console-2.3.0/lib/web_console/templates/main.js.erb within layouts/javascript (0.5ms)
  Rendered /Users/viparthasarathy/.rvm/gems/ruby-2.2.3/gems/web-console-2.3.0/lib/web_console/templates/error_page.js.erb within layouts/javascript (0.4ms)
  Rendered /Users/viparthasarathy/.rvm/gems/ruby-2.2.3/gems/web-console-2.3.0/lib/web_console/templates/index.html.erb (106.7ms)


Started GET "/" for ::1 at 2016-07-02 10:27:03 -0700
Processing by ApplicationController#angular as HTML
  Rendered layouts/application.html.erb within layouts/application (468.5ms)
Completed 200 OK in 483ms (Views: 482.5ms | ActiveRecord: 0.0ms)


Started GET "/assets/bootstrap/dist/css/bootstrap.self-598365399e6ae8f5a456a189663bac8ef9b8996ace38626328403f280fd63400.css?body=1" for ::1 at 2016-07-02 10:27:04 -0700


Started GET "/assets/angular-ui-router/release/angular-ui-router.self-75b555bd54e64f7d2b5892cbb6def68576df012a8139b5917c51407de696d0de.js?body=1" for ::1 at 2016-07-02 10:27:04 -0700


Started GET "/assets/application.self-d885a0a66bd595c10edb24f8879f94e334d88be0730c4d7c7a7b57c731c09037.css?body=1" for ::1 at 2016-07-02 10:27:04 -0700


Started GET "/assets/app.self-a0dcbde4dd51384eefac149bad9ca9c4312b81c798a4604cef5c2a7c64d0b1f0.js?body=1" for ::1 at 2016-07-02 10:27:04 -0700


Started GET "/assets/application.self-6aaa978c7429b47332e6171426fa197121ac79d0f37255370e2dfe59eed4112a.js?body=1" for ::1 at 2016-07-02 10:27:04 -0700


Started GET "/assets/bootstrap/dist/css/bootstrap.css.map" for ::1 at 2016-07-02 10:27:08 -0700


Started GET "/" for ::1 at 2016-07-02 10:28:30 -0700
Processing by ApplicationController#angular as HTML
  Rendered layouts/application.html.erb within layouts/application (277.8ms)
Completed 200 OK in 290ms (Views: 289.1ms | ActiveRecord: 0.0ms)


Started GET "/assets/application.self-d885a0a66bd595c10edb24f8879f94e334d88be0730c4d7c7a7b57c731c09037.css?body=1" for ::1 at 2016-07-02 10:28:30 -0700


Started GET "/assets/bootstrap/dist/css/bootstrap.self-598365399e6ae8f5a456a189663bac8ef9b8996ace38626328403f280fd63400.css?body=1" for ::1 at 2016-07-02 10:28:30 -0700


Started GET "/assets/app.self-a0dcbde4dd51384eefac149bad9ca9c4312b81c798a4604cef5c2a7c64d0b1f0.js?body=1" for ::1 at 2016-07-02 10:28:30 -0700


Started GET "/assets/angular-ui-router/release/angular-ui-router.self-75b555bd54e64f7d2b5892cbb6def68576df012a8139b5917c51407de696d0de.js?body=1" for ::1 at 2016-07-02 10:28:30 -0700


Started GET "/assets/application.self-6aaa978c7429b47332e6171426fa197121ac79d0f37255370e2dfe59eed4112a.js?body=1" for ::1 at 2016-07-02 10:28:30 -0700


Started GET "/assets/bootstrap/dist/css/bootstrap.css.map" for ::1 at 2016-07-02 10:28:45 -0700


Started GET "/" for ::1 at 2016-07-02 10:29:24 -0700
Processing by ApplicationController#angular as HTML
  Rendered layouts/application.html.erb within layouts/application (733.3ms)
Completed 200 OK in 741ms (Views: 740.3ms | ActiveRecord: 0.0ms)


Started GET "/assets/bootstrap/dist/css/bootstrap.self-598365399e6ae8f5a456a189663bac8ef9b8996ace38626328403f280fd63400.css?body=1" for ::1 at 2016-07-02 10:29:25 -0700


Started GET "/assets/application.self-d885a0a66bd595c10edb24f8879f94e334d88be0730c4d7c7a7b57c731c09037.css?body=1" for ::1 at 2016-07-02 10:29:25 -0700


Started GET "/assets/angular/angular.self-09d22056f1fb887d7012ce3c2f5b58bf03df2dd7b91b6c2510a961ffccb25380.js?body=1" for ::1 at 2016-07-02 10:29:25 -0700


Started GET "/assets/angular-ui-router/release/angular-ui-router.self-75b555bd54e64f7d2b5892cbb6def68576df012a8139b5917c51407de696d0de.js?body=1" for ::1 at 2016-07-02 10:29:25 -0700


Started GET "/assets/app.self-a0dcbde4dd51384eefac149bad9ca9c4312b81c798a4604cef5c2a7c64d0b1f0.js?body=1" for ::1 at 2016-07-02 10:29:25 -0700


Started GET "/assets/application.self-6a3cf5192354f71615ac51034b3e97c20eda99643fcaf5bbe6d41ad59bd12167.js?body=1" for ::1 at 2016-07-02 10:29:25 -0700


Started GET "/assets/bootstrap/dist/css/bootstrap.css.map" for ::1 at 2016-07-02 10:29:25 -0700
  [1m[36m (1.6ms)[0m  [1mCREATE TABLE "schema_migrations" ("version" varchar NOT NULL) [0m
  [1m[35m (0.1ms)[0m  select sqlite_version(*)
  [1m[36m (0.7ms)[0m  [1mCREATE UNIQUE INDEX "unique_schema_migrations" ON "schema_migrations" ("version")[0m
  [1m[35mActiveRecord::SchemaMigration Load (0.2ms)[0m  SELECT "schema_migrations".* FROM "schema_migrations"
Migrating to DeviseCreateUsers (20160703173546)
  [1m[36m (0.1ms)[0m  [1mbegin transaction[0m
DEPRECATION WARNING: `#timestamps` was called without specifying an option for `null`. In Rails 5, this behavior will change to `null: false`. You should manually specify `null: true` to prevent the behavior of your existing migrations from changing. (called from block in change at /Users/viparthasarathy/Development/code/fitness-tracker/db/migrate/20160703173546_devise_create_users.rb:34)
  [1m[35m (0.9ms)[0m  CREATE TABLE "users" ("id" INTEGER PRIMARY KEY AUTOINCREMENT NOT NULL, "email" varchar DEFAULT '' NOT NULL, "encrypted_password" varchar DEFAULT '' NOT NULL, "reset_password_token" varchar, "reset_password_sent_at" datetime, "remember_created_at" datetime, "sign_in_count" integer DEFAULT 0 NOT NULL, "current_sign_in_at" datetime, "last_sign_in_at" datetime, "current_sign_in_ip" varchar, "last_sign_in_ip" varchar, "created_at" datetime, "updated_at" datetime) 
  [1m[36m (0.6ms)[0m  [1mCREATE UNIQUE INDEX "index_users_on_email" ON "users" ("email")[0m
  [1m[35m (0.1ms)[0m              SELECT sql
            FROM sqlite_master
            WHERE name='index_users_on_email' AND type='index'
            UNION ALL
            SELECT sql
            FROM sqlite_temp_master
            WHERE name='index_users_on_email' AND type='index'

  [1m[36m (0.1ms)[0m  [1mCREATE UNIQUE INDEX "index_users_on_reset_password_token" ON "users" ("reset_password_token")[0m
  [1m[35mSQL (0.1ms)[0m  INSERT INTO "schema_migrations" ("version") VALUES (?)  [["version", "20160703173546"]]
  [1m[36m (0.9ms)[0m  [1mcommit transaction[0m
  [1m[35mActiveRecord::SchemaMigration Load (0.1ms)[0m  SELECT "schema_migrations".* FROM "schema_migrations"
  [1m[36m (0.1ms)[0m  [1m            SELECT sql
            FROM sqlite_master
            WHERE name='index_users_on_reset_password_token' AND type='index'
            UNION ALL
            SELECT sql
            FROM sqlite_temp_master
            WHERE name='index_users_on_reset_password_token' AND type='index'
[0m
  [1m[35m (0.1ms)[0m              SELECT sql
            FROM sqlite_master
            WHERE name='index_users_on_email' AND type='index'
            UNION ALL
            SELECT sql
            FROM sqlite_temp_master
            WHERE name='index_users_on_email' AND type='index'



Started GET "/" for ::1 at 2016-07-03 10:56:38 -0700
  [1m[36mActiveRecord::SchemaMigration Load (0.3ms)[0m  [1mSELECT "schema_migrations".* FROM "schema_migrations"[0m
Processing by ApplicationController#angular as HTML
  Rendered layouts/application.html.erb within layouts/application (446.5ms)
Completed 500 Internal Server Error in 465ms (ActiveRecord: 0.0ms)

ActionView::Template::Error (couldn't find file 'angular-devise' with type 'application/javascript'
Checked in these paths: 
  /Users/viparthasarathy/Development/code/fitness-tracker/app/assets/images
  /Users/viparthasarathy/Development/code/fitness-tracker/app/assets/javascripts
  /Users/viparthasarathy/Development/code/fitness-tracker/app/assets/stylesheets
  /Users/viparthasarathy/Development/code/fitness-tracker/vendor/assets/bower_components
  /Users/viparthasarathy/Development/code/fitness-tracker/vendor/assets/stylesheets
  /Users/viparthasarathy/.rvm/gems/ruby-2.2.3/gems/angular-rails-templates-1.0.0/vendor/assets/javascripts):
    2: <html>
    3: <head>
    4:   <title>FitnessTracker</title>
    5:   <%= stylesheet_link_tag    'application', media: 'all' %>
    6:   <%= javascript_include_tag 'application' %>
    7:   <%= csrf_meta_tags %>
    8: </head>
  app/assets/javascripts/application.js:2
  app/views/layouts/application.html.erb:5:in `_app_views_layouts_application_html_erb___2267630886437358409_70097817591700'
  app/controllers/application_controller.rb:7:in `angular'


  Rendered /Users/viparthasarathy/.rvm/gems/ruby-2.2.3/gems/actionpack-4.2.6/lib/action_dispatch/middleware/templates/rescues/_source.erb (8.4ms)
  Rendered /Users/viparthasarathy/.rvm/gems/ruby-2.2.3/gems/actionpack-4.2.6/lib/action_dispatch/middleware/templates/rescues/_trace.html.erb (3.4ms)
  Rendered /Users/viparthasarathy/.rvm/gems/ruby-2.2.3/gems/actionpack-4.2.6/lib/action_dispatch/middleware/templates/rescues/_request_and_response.html.erb (1.6ms)
  Rendered /Users/viparthasarathy/.rvm/gems/ruby-2.2.3/gems/actionpack-4.2.6/lib/action_dispatch/middleware/templates/rescues/template_error.html.erb within rescues/layout (58.4ms)
  Rendered /Users/viparthasarathy/.rvm/gems/ruby-2.2.3/gems/web-console-2.3.0/lib/web_console/templates/_markup.html.erb (0.4ms)
  Rendered /Users/viparthasarathy/.rvm/gems/ruby-2.2.3/gems/web-console-2.3.0/lib/web_console/templates/_inner_console_markup.html.erb within layouts/inlined_string (0.7ms)
  Rendered /Users/viparthasarathy/.rvm/gems/ruby-2.2.3/gems/web-console-2.3.0/lib/web_console/templates/_prompt_box_markup.html.erb within layouts/inlined_string (0.4ms)
  Rendered /Users/viparthasarathy/.rvm/gems/ruby-2.2.3/gems/web-console-2.3.0/lib/web_console/templates/style.css.erb within layouts/inlined_string (0.3ms)
  Rendered /Users/viparthasarathy/.rvm/gems/ruby-2.2.3/gems/web-console-2.3.0/lib/web_console/templates/console.js.erb within layouts/javascript (60.7ms)
  Rendered /Users/viparthasarathy/.rvm/gems/ruby-2.2.3/gems/web-console-2.3.0/lib/web_console/templates/main.js.erb within layouts/javascript (0.4ms)
  Rendered /Users/viparthasarathy/.rvm/gems/ruby-2.2.3/gems/web-console-2.3.0/lib/web_console/templates/error_page.js.erb within layouts/javascript (0.4ms)
  Rendered /Users/viparthasarathy/.rvm/gems/ruby-2.2.3/gems/web-console-2.3.0/lib/web_console/templates/index.html.erb (126.6ms)


Started GET "/" for ::1 at 2016-07-03 10:56:39 -0700
Processing by ApplicationController#angular as HTML
  Rendered layouts/application.html.erb within layouts/application (5.7ms)
Completed 500 Internal Server Error in 8ms (ActiveRecord: 0.0ms)

ActionView::Template::Error (couldn't find file 'angular-devise' with type 'application/javascript'
Checked in these paths: 
  /Users/viparthasarathy/Development/code/fitness-tracker/app/assets/images
  /Users/viparthasarathy/Development/code/fitness-tracker/app/assets/javascripts
  /Users/viparthasarathy/Development/code/fitness-tracker/app/assets/stylesheets
  /Users/viparthasarathy/Development/code/fitness-tracker/vendor/assets/bower_components
  /Users/viparthasarathy/Development/code/fitness-tracker/vendor/assets/stylesheets
  /Users/viparthasarathy/.rvm/gems/ruby-2.2.3/gems/angular-rails-templates-1.0.0/vendor/assets/javascripts):
    2: <html>
    3: <head>
    4:   <title>FitnessTracker</title>
    5:   <%= stylesheet_link_tag    'application', media: 'all' %>
    6:   <%= javascript_include_tag 'application' %>
    7:   <%= csrf_meta_tags %>
    8: </head>
  app/assets/javascripts/application.js:2
  app/views/layouts/application.html.erb:5:in `_app_views_layouts_application_html_erb___2267630886437358409_70097817591700'
  app/controllers/application_controller.rb:7:in `angular'


  Rendered /Users/viparthasarathy/.rvm/gems/ruby-2.2.3/gems/actionpack-4.2.6/lib/action_dispatch/middleware/templates/rescues/_source.erb (9.0ms)
  Rendered /Users/viparthasarathy/.rvm/gems/ruby-2.2.3/gems/actionpack-4.2.6/lib/action_dispatch/middleware/templates/rescues/_trace.html.erb (3.3ms)
  Rendered /Users/viparthasarathy/.rvm/gems/ruby-2.2.3/gems/actionpack-4.2.6/lib/action_dispatch/middleware/templates/rescues/_request_and_response.html.erb (0.8ms)
  Rendered /Users/viparthasarathy/.rvm/gems/ruby-2.2.3/gems/actionpack-4.2.6/lib/action_dispatch/middleware/templates/rescues/template_error.html.erb within rescues/layout (52.5ms)
  Rendered /Users/viparthasarathy/.rvm/gems/ruby-2.2.3/gems/web-console-2.3.0/lib/web_console/templates/_markup.html.erb (0.4ms)
  Rendered /Users/viparthasarathy/.rvm/gems/ruby-2.2.3/gems/web-console-2.3.0/lib/web_console/templates/_inner_console_markup.html.erb within layouts/inlined_string (0.3ms)
  Rendered /Users/viparthasarathy/.rvm/gems/ruby-2.2.3/gems/web-console-2.3.0/lib/web_console/templates/_prompt_box_markup.html.erb within layouts/inlined_string (0.7ms)
  Rendered /Users/viparthasarathy/.rvm/gems/ruby-2.2.3/gems/web-console-2.3.0/lib/web_console/templates/style.css.erb within layouts/inlined_string (0.3ms)
  Rendered /Users/viparthasarathy/.rvm/gems/ruby-2.2.3/gems/web-console-2.3.0/lib/web_console/templates/console.js.erb within layouts/javascript (37.7ms)
  Rendered /Users/viparthasarathy/.rvm/gems/ruby-2.2.3/gems/web-console-2.3.0/lib/web_console/templates/main.js.erb within layouts/javascript (0.3ms)
  Rendered /Users/viparthasarathy/.rvm/gems/ruby-2.2.3/gems/web-console-2.3.0/lib/web_console/templates/error_page.js.erb within layouts/javascript (0.4ms)
  Rendered /Users/viparthasarathy/.rvm/gems/ruby-2.2.3/gems/web-console-2.3.0/lib/web_console/templates/index.html.erb (82.8ms)


Started GET "/" for ::1 at 2016-07-03 10:57:29 -0700
Processing by ApplicationController#angular as HTML
  Rendered layouts/application.html.erb within layouts/application (1255.0ms)
Completed 200 OK in 1262ms (Views: 1261.6ms | ActiveRecord: 0.0ms)


Started GET "/assets/bootstrap/dist/css/bootstrap.self-598365399e6ae8f5a456a189663bac8ef9b8996ace38626328403f280fd63400.css?body=1" for ::1 at 2016-07-03 10:57:31 -0700


Started GET "/assets/application.self-d885a0a66bd595c10edb24f8879f94e334d88be0730c4d7c7a7b57c731c09037.css?body=1" for ::1 at 2016-07-03 10:57:31 -0700


Started GET "/assets/app.self-9cde72f556a0b32a1998092dc9bb337fa7797c092d831053a39ffaad2dc2d998.js?body=1" for ::1 at 2016-07-03 10:57:31 -0700


Started GET "/assets/angular-rails-templates.self-f73a25f00ce684992b28562a01665855f2aabcedd405901b89b47873f76ca8d1.js?body=1" for ::1 at 2016-07-03 10:57:31 -0700


Started GET "/assets/angulardevise/lib/devise.self-633c6de0b47e944b4aab238ff501621349023b511d73dd13f10a376b89ea1a1b.js?body=1" for ::1 at 2016-07-03 10:57:31 -0700


Started GET "/assets/angular/angular.self-09d22056f1fb887d7012ce3c2f5b58bf03df2dd7b91b6c2510a961ffccb25380.js?body=1" for ::1 at 2016-07-03 10:57:31 -0700


Started GET "/assets/angular-ui-router/release/angular-ui-router.self-75b555bd54e64f7d2b5892cbb6def68576df012a8139b5917c51407de696d0de.js?body=1" for ::1 at 2016-07-03 10:57:31 -0700


Started GET "/assets/auth/AuthenticationController.self-e3b0c44298fc1c149afbf4c8996fb92427ae41e4649b934ca495991b7852b855.js?body=1" for ::1 at 2016-07-03 10:57:31 -0700


Started GET "/assets/auth/_signup.self-b17de0cbeb8bb92dae486bbb93954d36cdd6b8136f47f423666cc2c5172ac124.js?body=1" for ::1 at 2016-07-03 10:57:31 -0700


Started GET "/assets/auth/_signin.self-2dd69d7a2b1250455f3f4c83772a084879582d7a68cb60f502a7366813ea5487.js?body=1" for ::1 at 2016-07-03 10:57:31 -0700


Started GET "/assets/application.self-7c370d9536d7d0d6a0f7cd7f9826692acd93e4fb05ba46f7b630b879740343d3.js?body=1" for ::1 at 2016-07-03 10:57:31 -0700


Started GET "/assets/bootstrap/dist/css/bootstrap.css.map" for ::1 at 2016-07-03 10:57:34 -0700


Started GET "/" for ::1 at 2016-07-03 10:57:45 -0700
Processing by ApplicationController#angular as HTML
  Rendered layouts/application.html.erb within layouts/application (420.6ms)
Completed 200 OK in 427ms (Views: 426.7ms | ActiveRecord: 0.0ms)


Started GET "/assets/application.self-d885a0a66bd595c10edb24f8879f94e334d88be0730c4d7c7a7b57c731c09037.css?body=1" for ::1 at 2016-07-03 10:57:46 -0700


Started GET "/assets/bootstrap/dist/css/bootstrap.self-598365399e6ae8f5a456a189663bac8ef9b8996ace38626328403f280fd63400.css?body=1" for ::1 at 2016-07-03 10:57:46 -0700


Started GET "/assets/angulardevise/lib/devise.self-633c6de0b47e944b4aab238ff501621349023b511d73dd13f10a376b89ea1a1b.js?body=1" for ::1 at 2016-07-03 10:57:46 -0700


Started GET "/assets/angular-rails-templates.self-f73a25f00ce684992b28562a01665855f2aabcedd405901b89b47873f76ca8d1.js?body=1" for ::1 at 2016-07-03 10:57:46 -0700


Started GET "/assets/angular/angular.self-09d22056f1fb887d7012ce3c2f5b58bf03df2dd7b91b6c2510a961ffccb25380.js?body=1" for ::1 at 2016-07-03 10:57:46 -0700


Started GET "/assets/angular-ui-router/release/angular-ui-router.self-75b555bd54e64f7d2b5892cbb6def68576df012a8139b5917c51407de696d0de.js?body=1" for ::1 at 2016-07-03 10:57:46 -0700


Started GET "/assets/app.self-d1ac3be493a5ce40cabdcaf1581699c6adc936a4e82af28233919f15fe643e9c.js?body=1" for ::1 at 2016-07-03 10:57:46 -0700


Started GET "/assets/auth/AuthenticationController.self-e3b0c44298fc1c149afbf4c8996fb92427ae41e4649b934ca495991b7852b855.js?body=1" for ::1 at 2016-07-03 10:57:46 -0700


Started GET "/assets/auth/_signin.self-2dd69d7a2b1250455f3f4c83772a084879582d7a68cb60f502a7366813ea5487.js?body=1" for ::1 at 2016-07-03 10:57:46 -0700


Started GET "/assets/auth/_signup.self-b17de0cbeb8bb92dae486bbb93954d36cdd6b8136f47f423666cc2c5172ac124.js?body=1" for ::1 at 2016-07-03 10:57:46 -0700


Started GET "/assets/application.self-7c370d9536d7d0d6a0f7cd7f9826692acd93e4fb05ba46f7b630b879740343d3.js?body=1" for ::1 at 2016-07-03 10:57:46 -0700


Started GET "/assets/bootstrap/dist/css/bootstrap.css.map" for ::1 at 2016-07-03 10:57:46 -0700


Started GET "/" for ::1 at 2016-07-03 10:58:10 -0700
Processing by ApplicationController#angular as HTML
  Rendered layouts/application.html.erb within layouts/application (424.7ms)
Completed 200 OK in 434ms (Views: 433.8ms | ActiveRecord: 0.0ms)


Started GET "/assets/application.self-d885a0a66bd595c10edb24f8879f94e334d88be0730c4d7c7a7b57c731c09037.css?body=1" for ::1 at 2016-07-03 10:58:10 -0700


Started GET "/assets/angulardevise/lib/devise.self-633c6de0b47e944b4aab238ff501621349023b511d73dd13f10a376b89ea1a1b.js?body=1" for ::1 at 2016-07-03 10:58:10 -0700


Started GET "/assets/bootstrap/dist/css/bootstrap.self-598365399e6ae8f5a456a189663bac8ef9b8996ace38626328403f280fd63400.css?body=1" for ::1 at 2016-07-03 10:58:10 -0700


Started GET "/assets/angular/angular.self-09d22056f1fb887d7012ce3c2f5b58bf03df2dd7b91b6c2510a961ffccb25380.js?body=1" for ::1 at 2016-07-03 10:58:10 -0700


Started GET "/assets/app.self-b7a2104864db00358890eb8843ff9e39eca200e8774c53a6b36e4919226a48d0.js?body=1" for ::1 at 2016-07-03 10:58:10 -0700


Started GET "/assets/angular-rails-templates.self-f73a25f00ce684992b28562a01665855f2aabcedd405901b89b47873f76ca8d1.js?body=1" for ::1 at 2016-07-03 10:58:10 -0700


Started GET "/assets/angular-ui-router/release/angular-ui-router.self-75b555bd54e64f7d2b5892cbb6def68576df012a8139b5917c51407de696d0de.js?body=1" for ::1 at 2016-07-03 10:58:10 -0700


Started GET "/assets/auth/AuthenticationController.self-e3b0c44298fc1c149afbf4c8996fb92427ae41e4649b934ca495991b7852b855.js?body=1" for ::1 at 2016-07-03 10:58:10 -0700


Started GET "/assets/auth/_signin.self-2dd69d7a2b1250455f3f4c83772a084879582d7a68cb60f502a7366813ea5487.js?body=1" for ::1 at 2016-07-03 10:58:10 -0700


Started GET "/assets/auth/_signup.self-b17de0cbeb8bb92dae486bbb93954d36cdd6b8136f47f423666cc2c5172ac124.js?body=1" for ::1 at 2016-07-03 10:58:10 -0700


Started GET "/assets/application.self-7c370d9536d7d0d6a0f7cd7f9826692acd93e4fb05ba46f7b630b879740343d3.js?body=1" for ::1 at 2016-07-03 10:58:10 -0700


Started GET "/assets/bootstrap/dist/css/bootstrap.css.map" for ::1 at 2016-07-03 10:58:10 -0700


Started GET "/assets/bootstrap/dist/css/bootstrap.css.map" for ::1 at 2016-07-03 10:58:24 -0700


Started GET "/" for ::1 at 2016-07-03 11:00:01 -0700
Processing by ApplicationController#angular as HTML
  Rendered layouts/application.html.erb within layouts/application (416.6ms)
Completed 200 OK in 423ms (Views: 422.3ms | ActiveRecord: 0.0ms)


Started GET "/assets/bootstrap/dist/css/bootstrap.self-598365399e6ae8f5a456a189663bac8ef9b8996ace38626328403f280fd63400.css?body=1" for ::1 at 2016-07-03 11:00:01 -0700


Started GET "/assets/application.self-d885a0a66bd595c10edb24f8879f94e334d88be0730c4d7c7a7b57c731c09037.css?body=1" for ::1 at 2016-07-03 11:00:01 -0700


Started GET "/assets/angulardevise/lib/devise.self-633c6de0b47e944b4aab238ff501621349023b511d73dd13f10a376b89ea1a1b.js?body=1" for ::1 at 2016-07-03 11:00:01 -0700


Started GET "/assets/angular/angular.self-09d22056f1fb887d7012ce3c2f5b58bf03df2dd7b91b6c2510a961ffccb25380.js?body=1" for ::1 at 2016-07-03 11:00:01 -0700


Started GET "/assets/angular-rails-templates.self-f73a25f00ce684992b28562a01665855f2aabcedd405901b89b47873f76ca8d1.js?body=1" for ::1 at 2016-07-03 11:00:01 -0700


Started GET "/assets/angular-ui-router/release/angular-ui-router.self-75b555bd54e64f7d2b5892cbb6def68576df012a8139b5917c51407de696d0de.js?body=1" for ::1 at 2016-07-03 11:00:01 -0700


Started GET "/assets/app.self-b7a2104864db00358890eb8843ff9e39eca200e8774c53a6b36e4919226a48d0.js?body=1" for ::1 at 2016-07-03 11:00:01 -0700


Started GET "/assets/auth/_signin.self-2dd69d7a2b1250455f3f4c83772a084879582d7a68cb60f502a7366813ea5487.js?body=1" for ::1 at 2016-07-03 11:00:01 -0700


Started GET "/assets/auth/_signup.self-b17de0cbeb8bb92dae486bbb93954d36cdd6b8136f47f423666cc2c5172ac124.js?body=1" for ::1 at 2016-07-03 11:00:01 -0700


Started GET "/assets/application.self-7c370d9536d7d0d6a0f7cd7f9826692acd93e4fb05ba46f7b630b879740343d3.js?body=1" for ::1 at 2016-07-03 11:00:01 -0700


Started GET "/assets/auth/AuthenticationController.self-afb5270e37a7de7b047418dfe9fa541269faf88092f7d4c2e45e38280eb73792.js?body=1" for ::1 at 2016-07-03 11:00:01 -0700


Started GET "/assets/bootstrap/dist/css/bootstrap.css.map" for ::1 at 2016-07-03 11:00:01 -0700


Started GET "/" for ::1 at 2016-07-03 11:48:43 -0700
  [1m[36mActiveRecord::SchemaMigration Load (0.5ms)[0m  [1mSELECT "schema_migrations".* FROM "schema_migrations"[0m
Processing by ApplicationController#angular as HTML
  Rendered layouts/application.html.erb within layouts/application (1308.2ms)
Completed 200 OK in 1335ms (Views: 1324.8ms | ActiveRecord: 0.0ms)


Started GET "/assets/bootstrap/dist/css/bootstrap.self-598365399e6ae8f5a456a189663bac8ef9b8996ace38626328403f280fd63400.css?body=1" for ::1 at 2016-07-03 11:48:45 -0700


Started GET "/assets/angular/angular.self-09d22056f1fb887d7012ce3c2f5b58bf03df2dd7b91b6c2510a961ffccb25380.js?body=1" for ::1 at 2016-07-03 11:48:45 -0700


Started GET "/assets/angular-rails-templates.self-f73a25f00ce684992b28562a01665855f2aabcedd405901b89b47873f76ca8d1.js?body=1" for ::1 at 2016-07-03 11:48:45 -0700


Started GET "/assets/angular-ui-router/release/angular-ui-router.self-75b555bd54e64f7d2b5892cbb6def68576df012a8139b5917c51407de696d0de.js?body=1" for ::1 at 2016-07-03 11:48:45 -0700


Started GET "/assets/angulardevise/lib/devise.self-633c6de0b47e944b4aab238ff501621349023b511d73dd13f10a376b89ea1a1b.js?body=1" for ::1 at 2016-07-03 11:48:45 -0700


Started GET "/assets/application.self-d885a0a66bd595c10edb24f8879f94e334d88be0730c4d7c7a7b57c731c09037.css?body=1" for ::1 at 2016-07-03 11:48:45 -0700


Started GET "/assets/app.self-a08a59da8558b6b59e66629d8d1fde24e63b5a855db1b9d7399d0c820af49dbc.js?body=1" for ::1 at 2016-07-03 11:48:45 -0700


Started GET "/assets/auth/AuthenticationController.self-7827d7c5c74693b81bbb8f3f307c8eb03e6d55f45c0a33ec1049b2068740b588.js?body=1" for ::1 at 2016-07-03 11:48:45 -0700


Started GET "/assets/auth/_signin.self-4ffa13ad27768039cc158b096b9c71000583968fbf93b7a804eaa3d7fd948919.js?body=1" for ::1 at 2016-07-03 11:48:45 -0700


Started GET "/assets/auth/_signup.self-aaffda8b959fe2e056fe11a71f8e10a867cf2c0ab9af7356bf33171d3f6f9058.js?body=1" for ::1 at 2016-07-03 11:48:45 -0700


Started GET "/assets/nav/NavigationController.self-5607d3e638a76248f7199e53af0fddda4d85ba32571ad4ff074222de0bb96fe9.js?body=1" for ::1 at 2016-07-03 11:48:45 -0700


Started GET "/assets/nav/_nav.self-4c46cee7be5a4741d78e27a9914b8d8d4c97eccf48821dfab912097a49760fb5.js?body=1" for ::1 at 2016-07-03 11:48:45 -0700


Started GET "/assets/user/UserController.self-1f81fef022d1d920c6d7d9b197a07c1eb2e9ff58d1c244d4835d42b9d7d892fb.js?body=1" for ::1 at 2016-07-03 11:48:45 -0700


Started GET "/assets/user/_user.self-080a56e5a2fb08da1353c49c5ab17f442d234901379f604c3d89648841fae0e0.js?body=1" for ::1 at 2016-07-03 11:48:45 -0700


Started GET "/assets/application.self-7c370d9536d7d0d6a0f7cd7f9826692acd93e4fb05ba46f7b630b879740343d3.js?body=1" for ::1 at 2016-07-03 11:48:45 -0700


Started GET "/assets/bootstrap/dist/css/bootstrap.css.map" for ::1 at 2016-07-03 11:48:48 -0700


Started GET "/" for ::1 at 2016-07-03 11:49:20 -0700
Processing by ApplicationController#angular as HTML
  Rendered layouts/application.html.erb within layouts/application (443.9ms)
Completed 200 OK in 460ms (Views: 458.6ms | ActiveRecord: 0.0ms)


Started GET "/assets/bootstrap/dist/css/bootstrap.self-598365399e6ae8f5a456a189663bac8ef9b8996ace38626328403f280fd63400.css?body=1" for ::1 at 2016-07-03 11:49:20 -0700


Started GET "/assets/application.self-d885a0a66bd595c10edb24f8879f94e334d88be0730c4d7c7a7b57c731c09037.css?body=1" for ::1 at 2016-07-03 11:49:20 -0700


Started GET "/assets/angular/angular.self-09d22056f1fb887d7012ce3c2f5b58bf03df2dd7b91b6c2510a961ffccb25380.js?body=1" for ::1 at 2016-07-03 11:49:20 -0700


Started GET "/assets/angular-ui-router/release/angular-ui-router.self-75b555bd54e64f7d2b5892cbb6def68576df012a8139b5917c51407de696d0de.js?body=1" for ::1 at 2016-07-03 11:49:20 -0700


Started GET "/assets/app.self-a08a59da8558b6b59e66629d8d1fde24e63b5a855db1b9d7399d0c820af49dbc.js?body=1" for ::1 at 2016-07-03 11:49:20 -0700


Started GET "/assets/angulardevise/lib/devise.self-633c6de0b47e944b4aab238ff501621349023b511d73dd13f10a376b89ea1a1b.js?body=1" for ::1 at 2016-07-03 11:49:20 -0700


Started GET "/assets/angular-rails-templates.self-f73a25f00ce684992b28562a01665855f2aabcedd405901b89b47873f76ca8d1.js?body=1" for ::1 at 2016-07-03 11:49:20 -0700


Started GET "/assets/auth/_signin.self-4ffa13ad27768039cc158b096b9c71000583968fbf93b7a804eaa3d7fd948919.js?body=1" for ::1 at 2016-07-03 11:49:20 -0700


Started GET "/assets/auth/_signup.self-aaffda8b959fe2e056fe11a71f8e10a867cf2c0ab9af7356bf33171d3f6f9058.js?body=1" for ::1 at 2016-07-03 11:49:20 -0700


Started GET "/assets/nav/NavigationController.self-5607d3e638a76248f7199e53af0fddda4d85ba32571ad4ff074222de0bb96fe9.js?body=1" for ::1 at 2016-07-03 11:49:20 -0700


Started GET "/assets/nav/_nav.self-4c46cee7be5a4741d78e27a9914b8d8d4c97eccf48821dfab912097a49760fb5.js?body=1" for ::1 at 2016-07-03 11:49:20 -0700


Started GET "/assets/user/UserController.self-1f81fef022d1d920c6d7d9b197a07c1eb2e9ff58d1c244d4835d42b9d7d892fb.js?body=1" for ::1 at 2016-07-03 11:49:20 -0700


Started GET "/assets/user/_user.self-080a56e5a2fb08da1353c49c5ab17f442d234901379f604c3d89648841fae0e0.js?body=1" for ::1 at 2016-07-03 11:49:20 -0700


Started GET "/assets/application.self-7c370d9536d7d0d6a0f7cd7f9826692acd93e4fb05ba46f7b630b879740343d3.js?body=1" for ::1 at 2016-07-03 11:49:20 -0700


Started GET "/assets/auth/AuthenticationController.self-d3c952b92241721cc73e5dac21ee46970c65c40e0551b490fa24666d45e6e7fc.js?body=1" for ::1 at 2016-07-03 11:49:20 -0700


Started GET "/assets/bootstrap/dist/css/bootstrap.css.map" for ::1 at 2016-07-03 11:49:20 -0700


Started GET "/" for ::1 at 2016-07-03 11:49:56 -0700
Processing by ApplicationController#angular as HTML
  Rendered layouts/application.html.erb within layouts/application (422.3ms)
Completed 200 OK in 431ms (Views: 430.9ms | ActiveRecord: 0.0ms)


Started GET "/assets/bootstrap/dist/css/bootstrap.self-598365399e6ae8f5a456a189663bac8ef9b8996ace38626328403f280fd63400.css?body=1" for ::1 at 2016-07-03 11:49:56 -0700


Started GET "/assets/application.self-d885a0a66bd595c10edb24f8879f94e334d88be0730c4d7c7a7b57c731c09037.css?body=1" for ::1 at 2016-07-03 11:49:56 -0700


Started GET "/assets/angular-rails-templates.self-f73a25f00ce684992b28562a01665855f2aabcedd405901b89b47873f76ca8d1.js?body=1" for ::1 at 2016-07-03 11:49:56 -0700


Started GET "/assets/angulardevise/lib/devise.self-633c6de0b47e944b4aab238ff501621349023b511d73dd13f10a376b89ea1a1b.js?body=1" for ::1 at 2016-07-03 11:49:56 -0700


Started GET "/assets/angular/angular.self-09d22056f1fb887d7012ce3c2f5b58bf03df2dd7b91b6c2510a961ffccb25380.js?body=1" for ::1 at 2016-07-03 11:49:56 -0700


Started GET "/assets/angular-ui-router/release/angular-ui-router.self-75b555bd54e64f7d2b5892cbb6def68576df012a8139b5917c51407de696d0de.js?body=1" for ::1 at 2016-07-03 11:49:56 -0700


Started GET "/assets/auth/AuthenticationController.self-d3c952b92241721cc73e5dac21ee46970c65c40e0551b490fa24666d45e6e7fc.js?body=1" for ::1 at 2016-07-03 11:49:56 -0700


Started GET "/assets/auth/_signin.self-4ffa13ad27768039cc158b096b9c71000583968fbf93b7a804eaa3d7fd948919.js?body=1" for ::1 at 2016-07-03 11:49:56 -0700


Started GET "/assets/auth/_signup.self-aaffda8b959fe2e056fe11a71f8e10a867cf2c0ab9af7356bf33171d3f6f9058.js?body=1" for ::1 at 2016-07-03 11:49:56 -0700


Started GET "/assets/nav/NavigationController.self-5607d3e638a76248f7199e53af0fddda4d85ba32571ad4ff074222de0bb96fe9.js?body=1" for ::1 at 2016-07-03 11:49:56 -0700


Started GET "/assets/nav/_nav.self-4c46cee7be5a4741d78e27a9914b8d8d4c97eccf48821dfab912097a49760fb5.js?body=1" for ::1 at 2016-07-03 11:49:56 -0700


Started GET "/assets/user/UserController.self-1f81fef022d1d920c6d7d9b197a07c1eb2e9ff58d1c244d4835d42b9d7d892fb.js?body=1" for ::1 at 2016-07-03 11:49:56 -0700


Started GET "/assets/user/_user.self-080a56e5a2fb08da1353c49c5ab17f442d234901379f604c3d89648841fae0e0.js?body=1" for ::1 at 2016-07-03 11:49:56 -0700


Started GET "/assets/application.self-7c370d9536d7d0d6a0f7cd7f9826692acd93e4fb05ba46f7b630b879740343d3.js?body=1" for ::1 at 2016-07-03 11:49:56 -0700


Started GET "/assets/app.self-1004946124e078a95f33a081a67e82a10c4a86937d30f592893cb2b5608d0f28.js?body=1" for ::1 at 2016-07-03 11:49:56 -0700


Started POST "/users/sign_in.json" for ::1 at 2016-07-03 11:49:57 -0700
Processing by Devise::SessionsController#create as JSON
  Parameters: {"user"=>{}, "session"=>{"user"=>{}}}
Completed 401 Unauthorized in 6ms (ActiveRecord: 0.0ms)


Started GET "/assets/bootstrap/dist/css/bootstrap.css.map" for ::1 at 2016-07-03 11:49:57 -0700


Started GET "/" for ::1 at 2016-07-03 14:15:17 -0700
  [1m[36mActiveRecord::SchemaMigration Load (0.4ms)[0m  [1mSELECT "schema_migrations".* FROM "schema_migrations"[0m
Processing by ApplicationController#angular as HTML
  Rendered layouts/application.html.erb within layouts/application (853.4ms)
Completed 200 OK in 881ms (Views: 871.4ms | ActiveRecord: 0.0ms)


Started GET "/assets/app.self-1004946124e078a95f33a081a67e82a10c4a86937d30f592893cb2b5608d0f28.js?body=1" for ::1 at 2016-07-03 14:15:18 -0700


Started POST "/users/sign_in.json" for ::1 at 2016-07-03 14:15:18 -0700
Processing by Devise::SessionsController#create as JSON
  Parameters: {"user"=>{}, "session"=>{"user"=>{}}}
Completed 401 Unauthorized in 7ms (ActiveRecord: 0.0ms)


Started GET "/assets/bootstrap/dist/css/bootstrap.css.map" for ::1 at 2016-07-03 14:15:19 -0700


Started GET "/assets/bootstrap/dist/css/bootstrap.css.map" for ::1 at 2016-07-03 14:16:15 -0700


Started GET "/" for ::1 at 2016-07-03 14:16:17 -0700
Processing by ApplicationController#angular as HTML
  Rendered layouts/application.html.erb within layouts/application (26.8ms)
Completed 200 OK in 35ms (Views: 34.2ms | ActiveRecord: 0.0ms)


Started GET "/assets/bootstrap/dist/css/bootstrap.self-598365399e6ae8f5a456a189663bac8ef9b8996ace38626328403f280fd63400.css?body=1" for ::1 at 2016-07-03 14:16:18 -0700


Started GET "/assets/application.self-d885a0a66bd595c10edb24f8879f94e334d88be0730c4d7c7a7b57c731c09037.css?body=1" for ::1 at 2016-07-03 14:16:18 -0700


Started GET "/assets/angular/angular.self-09d22056f1fb887d7012ce3c2f5b58bf03df2dd7b91b6c2510a961ffccb25380.js?body=1" for ::1 at 2016-07-03 14:16:18 -0700


Started GET "/assets/angulardevise/lib/devise.self-633c6de0b47e944b4aab238ff501621349023b511d73dd13f10a376b89ea1a1b.js?body=1" for ::1 at 2016-07-03 14:16:18 -0700


Started GET "/assets/angular-rails-templates.self-f73a25f00ce684992b28562a01665855f2aabcedd405901b89b47873f76ca8d1.js?body=1" for ::1 at 2016-07-03 14:16:18 -0700


Started GET "/assets/app.self-1004946124e078a95f33a081a67e82a10c4a86937d30f592893cb2b5608d0f28.js?body=1" for ::1 at 2016-07-03 14:16:18 -0700


Started GET "/assets/angular-ui-router/release/angular-ui-router.self-75b555bd54e64f7d2b5892cbb6def68576df012a8139b5917c51407de696d0de.js?body=1" for ::1 at 2016-07-03 14:16:18 -0700


Started GET "/assets/auth/AuthenticationController.self-d3c952b92241721cc73e5dac21ee46970c65c40e0551b490fa24666d45e6e7fc.js?body=1" for ::1 at 2016-07-03 14:16:18 -0700


Started GET "/assets/auth/_signin.self-4ffa13ad27768039cc158b096b9c71000583968fbf93b7a804eaa3d7fd948919.js?body=1" for ::1 at 2016-07-03 14:16:18 -0700


Started GET "/assets/auth/_signup.self-aaffda8b959fe2e056fe11a71f8e10a867cf2c0ab9af7356bf33171d3f6f9058.js?body=1" for ::1 at 2016-07-03 14:16:18 -0700


Started GET "/assets/nav/NavigationController.self-5607d3e638a76248f7199e53af0fddda4d85ba32571ad4ff074222de0bb96fe9.js?body=1" for ::1 at 2016-07-03 14:16:18 -0700


Started GET "/assets/nav/_nav.self-4c46cee7be5a4741d78e27a9914b8d8d4c97eccf48821dfab912097a49760fb5.js?body=1" for ::1 at 2016-07-03 14:16:18 -0700


Started GET "/assets/user/UserController.self-1f81fef022d1d920c6d7d9b197a07c1eb2e9ff58d1c244d4835d42b9d7d892fb.js?body=1" for ::1 at 2016-07-03 14:16:18 -0700


Started GET "/assets/user/_user.self-080a56e5a2fb08da1353c49c5ab17f442d234901379f604c3d89648841fae0e0.js?body=1" for ::1 at 2016-07-03 14:16:18 -0700


Started GET "/assets/application.self-7c370d9536d7d0d6a0f7cd7f9826692acd93e4fb05ba46f7b630b879740343d3.js?body=1" for ::1 at 2016-07-03 14:16:18 -0700


Started GET "/assets/bootstrap/dist/css/bootstrap.css.map" for ::1 at 2016-07-03 14:16:18 -0700


Started POST "/users/sign_in.json" for ::1 at 2016-07-03 14:16:18 -0700
Processing by Devise::SessionsController#create as JSON
  Parameters: {"user"=>{}, "session"=>{"user"=>{}}}
Completed 401 Unauthorized in 1ms (ActiveRecord: 0.0ms)


Started GET "/assets/bootstrap/dist/css/bootstrap.css.map" for ::1 at 2016-07-03 14:16:38 -0700


Started POST "/users/sign_in.json" for ::1 at 2016-07-03 14:20:05 -0700
Processing by Devise::SessionsController#create as JSON
  Parameters: {"user"=>{"email"=>"bob@yahoo.com"}, "session"=>{"user"=>{"email"=>"bob@yahoo.com"}}}
Completed 401 Unauthorized in 1ms (ActiveRecord: 0.0ms)


Started GET "/" for ::1 at 2016-07-03 14:20:22 -0700
Processing by ApplicationController#angular as HTML
  Rendered layouts/application.html.erb within layouts/application (18.6ms)
Completed 200 OK in 29ms (Views: 28.3ms | ActiveRecord: 0.0ms)


Started GET "/assets/bootstrap/dist/css/bootstrap.self-598365399e6ae8f5a456a189663bac8ef9b8996ace38626328403f280fd63400.css?body=1" for ::1 at 2016-07-03 14:20:22 -0700


Started GET "/assets/application.self-d885a0a66bd595c10edb24f8879f94e334d88be0730c4d7c7a7b57c731c09037.css?body=1" for ::1 at 2016-07-03 14:20:22 -0700


Started GET "/assets/angulardevise/lib/devise.self-633c6de0b47e944b4aab238ff501621349023b511d73dd13f10a376b89ea1a1b.js?body=1" for ::1 at 2016-07-03 14:20:22 -0700


Started GET "/assets/angular-ui-router/release/angular-ui-router.self-75b555bd54e64f7d2b5892cbb6def68576df012a8139b5917c51407de696d0de.js?body=1" for ::1 at 2016-07-03 14:20:22 -0700


Started GET "/assets/app.self-1004946124e078a95f33a081a67e82a10c4a86937d30f592893cb2b5608d0f28.js?body=1" for ::1 at 2016-07-03 14:20:22 -0700


Started GET "/assets/angular/angular.self-09d22056f1fb887d7012ce3c2f5b58bf03df2dd7b91b6c2510a961ffccb25380.js?body=1" for ::1 at 2016-07-03 14:20:22 -0700


Started GET "/assets/angular-rails-templates.self-f73a25f00ce684992b28562a01665855f2aabcedd405901b89b47873f76ca8d1.js?body=1" for ::1 at 2016-07-03 14:20:22 -0700


Started GET "/assets/auth/AuthenticationController.self-d3c952b92241721cc73e5dac21ee46970c65c40e0551b490fa24666d45e6e7fc.js?body=1" for ::1 at 2016-07-03 14:20:22 -0700


Started GET "/assets/auth/_signin.self-4ffa13ad27768039cc158b096b9c71000583968fbf93b7a804eaa3d7fd948919.js?body=1" for ::1 at 2016-07-03 14:20:22 -0700


Started GET "/assets/auth/_signup.self-aaffda8b959fe2e056fe11a71f8e10a867cf2c0ab9af7356bf33171d3f6f9058.js?body=1" for ::1 at 2016-07-03 14:20:22 -0700


Started GET "/assets/nav/NavigationController.self-5607d3e638a76248f7199e53af0fddda4d85ba32571ad4ff074222de0bb96fe9.js?body=1" for ::1 at 2016-07-03 14:20:22 -0700


Started GET "/assets/nav/_nav.self-4c46cee7be5a4741d78e27a9914b8d8d4c97eccf48821dfab912097a49760fb5.js?body=1" for ::1 at 2016-07-03 14:20:22 -0700


Started GET "/assets/user/UserController.self-1f81fef022d1d920c6d7d9b197a07c1eb2e9ff58d1c244d4835d42b9d7d892fb.js?body=1" for ::1 at 2016-07-03 14:20:22 -0700


Started GET "/assets/user/_user.self-080a56e5a2fb08da1353c49c5ab17f442d234901379f604c3d89648841fae0e0.js?body=1" for ::1 at 2016-07-03 14:20:22 -0700


Started GET "/assets/application.self-7c370d9536d7d0d6a0f7cd7f9826692acd93e4fb05ba46f7b630b879740343d3.js?body=1" for ::1 at 2016-07-03 14:20:22 -0700


Started GET "/assets/bootstrap/dist/css/bootstrap.css.map" for ::1 at 2016-07-03 14:20:22 -0700


Started POST "/users/sign_in.json" for ::1 at 2016-07-03 14:20:23 -0700
Processing by Devise::SessionsController#create as JSON
  Parameters: {"user"=>{}, "session"=>{"user"=>{}}}
Completed 401 Unauthorized in 1ms (ActiveRecord: 0.0ms)


Started POST "/users/sign_in.json" for ::1 at 2016-07-03 14:20:24 -0700
Processing by Devise::SessionsController#create as JSON
  Parameters: {"user"=>{}, "session"=>{"user"=>{}}}
Completed 401 Unauthorized in 1ms (ActiveRecord: 0.0ms)


Started POST "/users.json" for ::1 at 2016-07-03 14:20:32 -0700
Processing by Devise::RegistrationsController#create as JSON
  Parameters: {"user"=>{"email"=>"test@yahoo.com", "password"=>"[FILTERED]"}, "registration"=>{"user"=>{"email"=>"test@yahoo.com", "password"=>"[FILTERED]"}}}
  [1m[35m (0.1ms)[0m  begin transaction
  [1m[36mUser Exists (0.5ms)[0m  [1mSELECT  1 AS one FROM "users" WHERE "users"."email" = 'test@yahoo.com' LIMIT 1[0m
  [1m[35m (0.1ms)[0m  rollback transaction
Completed 406 Not Acceptable in 109ms (ActiveRecord: 1.2ms)

ActionController::UnknownFormat (ActionController::UnknownFormat):
  responders (2.2.0) lib/action_controller/respond_with.rb:207:in `respond_with'
  devise (3.4.1) app/controllers/devise/registrations_controller.rb:37:in `create'
  actionpack (4.2.6) lib/action_controller/metal/implicit_render.rb:4:in `send_action'
  actionpack (4.2.6) lib/abstract_controller/base.rb:198:in `process_action'
  actionpack (4.2.6) lib/action_controller/metal/rendering.rb:10:in `process_action'
  actionpack (4.2.6) lib/abstract_controller/callbacks.rb:20:in `block in process_action'
  activesupport (4.2.6) lib/active_support/callbacks.rb:117:in `call'
  activesupport (4.2.6) lib/active_support/callbacks.rb:117:in `call'
  activesupport (4.2.6) lib/active_support/callbacks.rb:555:in `block (2 levels) in compile'
  activesupport (4.2.6) lib/active_support/callbacks.rb:505:in `call'
  activesupport (4.2.6) lib/active_support/callbacks.rb:505:in `call'
  activesupport (4.2.6) lib/active_support/callbacks.rb:92:in `__run_callbacks__'
  activesupport (4.2.6) lib/active_support/callbacks.rb:778:in `_run_process_action_callbacks'
  activesupport (4.2.6) lib/active_support/callbacks.rb:81:in `run_callbacks'
  actionpack (4.2.6) lib/abstract_controller/callbacks.rb:19:in `process_action'
  actionpack (4.2.6) lib/action_controller/metal/rescue.rb:29:in `process_action'
  actionpack (4.2.6) lib/action_controller/metal/instrumentation.rb:32:in `block in process_action'
  activesupport (4.2.6) lib/active_support/notifications.rb:164:in `block in instrument'
  activesupport (4.2.6) lib/active_support/notifications/instrumenter.rb:20:in `instrument'
  activesupport (4.2.6) lib/active_support/notifications.rb:164:in `instrument'
  actionpack (4.2.6) lib/action_controller/metal/instrumentation.rb:30:in `process_action'
  actionpack (4.2.6) lib/action_controller/metal/params_wrapper.rb:250:in `process_action'
  activerecord (4.2.6) lib/active_record/railties/controller_runtime.rb:18:in `process_action'
  actionpack (4.2.6) lib/abstract_controller/base.rb:137:in `process'
  actionview (4.2.6) lib/action_view/rendering.rb:30:in `process'
  actionpack (4.2.6) lib/action_controller/metal.rb:196:in `dispatch'
  actionpack (4.2.6) lib/action_controller/metal/rack_delegation.rb:13:in `dispatch'
  actionpack (4.2.6) lib/action_controller/metal.rb:237:in `block in action'
  actionpack (4.2.6) lib/action_dispatch/routing/route_set.rb:74:in `call'
  actionpack (4.2.6) lib/action_dispatch/routing/route_set.rb:74:in `dispatch'
  actionpack (4.2.6) lib/action_dispatch/routing/route_set.rb:43:in `serve'
  actionpack (4.2.6) lib/action_dispatch/routing/mapper.rb:49:in `serve'
  actionpack (4.2.6) lib/action_dispatch/journey/router.rb:43:in `block in serve'
  actionpack (4.2.6) lib/action_dispatch/journey/router.rb:30:in `each'
  actionpack (4.2.6) lib/action_dispatch/journey/router.rb:30:in `serve'
  actionpack (4.2.6) lib/action_dispatch/routing/route_set.rb:817:in `call'
  warden (1.2.6) lib/warden/manager.rb:35:in `block in call'
  warden (1.2.6) lib/warden/manager.rb:34:in `catch'
  warden (1.2.6) lib/warden/manager.rb:34:in `call'
  rack (1.6.4) lib/rack/etag.rb:24:in `call'
  rack (1.6.4) lib/rack/conditionalget.rb:38:in `call'
  rack (1.6.4) lib/rack/head.rb:13:in `call'
  actionpack (4.2.6) lib/action_dispatch/middleware/params_parser.rb:27:in `call'
  actionpack (4.2.6) lib/action_dispatch/middleware/flash.rb:260:in `call'
  rack (1.6.4) lib/rack/session/abstract/id.rb:225:in `context'
  rack (1.6.4) lib/rack/session/abstract/id.rb:220:in `call'
  actionpack (4.2.6) lib/action_dispatch/middleware/cookies.rb:560:in `call'
  activerecord (4.2.6) lib/active_record/query_cache.rb:36:in `call'
  activerecord (4.2.6) lib/active_record/connection_adapters/abstract/connection_pool.rb:653:in `call'
  activerecord (4.2.6) lib/active_record/migration.rb:377:in `call'
  actionpack (4.2.6) lib/action_dispatch/middleware/callbacks.rb:29:in `block in call'
  activesupport (4.2.6) lib/active_support/callbacks.rb:88:in `__run_callbacks__'
  activesupport (4.2.6) lib/active_support/callbacks.rb:778:in `_run_call_callbacks'
  activesupport (4.2.6) lib/active_support/callbacks.rb:81:in `run_callbacks'
  actionpack (4.2.6) lib/action_dispatch/middleware/callbacks.rb:27:in `call'
  actionpack (4.2.6) lib/action_dispatch/middleware/reloader.rb:73:in `call'
  actionpack (4.2.6) lib/action_dispatch/middleware/remote_ip.rb:78:in `call'
  actionpack (4.2.6) lib/action_dispatch/middleware/debug_exceptions.rb:17:in `call'
  web-console (2.3.0) lib/web_console/middleware.rb:28:in `block in call'
  web-console (2.3.0) lib/web_console/middleware.rb:18:in `catch'
  web-console (2.3.0) lib/web_console/middleware.rb:18:in `call'
  actionpack (4.2.6) lib/action_dispatch/middleware/show_exceptions.rb:30:in `call'
  railties (4.2.6) lib/rails/rack/logger.rb:38:in `call_app'
  railties (4.2.6) lib/rails/rack/logger.rb:20:in `block in call'
  activesupport (4.2.6) lib/active_support/tagged_logging.rb:68:in `block in tagged'
  activesupport (4.2.6) lib/active_support/tagged_logging.rb:26:in `tagged'
  activesupport (4.2.6) lib/active_support/tagged_logging.rb:68:in `tagged'
  railties (4.2.6) lib/rails/rack/logger.rb:20:in `call'
  actionpack (4.2.6) lib/action_dispatch/middleware/request_id.rb:21:in `call'
  rack (1.6.4) lib/rack/methodoverride.rb:22:in `call'
  rack (1.6.4) lib/rack/runtime.rb:18:in `call'
  activesupport (4.2.6) lib/active_support/cache/strategy/local_cache_middleware.rb:28:in `call'
  rack (1.6.4) lib/rack/lock.rb:17:in `call'
  actionpack (4.2.6) lib/action_dispatch/middleware/static.rb:120:in `call'
  rack (1.6.4) lib/rack/sendfile.rb:113:in `call'
  railties (4.2.6) lib/rails/engine.rb:518:in `call'
  railties (4.2.6) lib/rails/application.rb:165:in `call'
  rack (1.6.4) lib/rack/lock.rb:17:in `call'
  rack (1.6.4) lib/rack/content_length.rb:15:in `call'
  rack (1.6.4) lib/rack/handler/webrick.rb:88:in `service'
  /Users/viparthasarathy/.rvm/rubies/ruby-2.2.3/lib/ruby/2.2.0/webrick/httpserver.rb:138:in `service'
  /Users/viparthasarathy/.rvm/rubies/ruby-2.2.3/lib/ruby/2.2.0/webrick/httpserver.rb:94:in `run'
  /Users/viparthasarathy/.rvm/rubies/ruby-2.2.3/lib/ruby/2.2.0/webrick/server.rb:294:in `block in start_thread'


  Rendered /Users/viparthasarathy/.rvm/gems/ruby-2.2.3/gems/actionpack-4.2.6/lib/action_dispatch/middleware/templates/rescues/_source.erb (4.2ms)
  Rendered /Users/viparthasarathy/.rvm/gems/ruby-2.2.3/gems/actionpack-4.2.6/lib/action_dispatch/middleware/templates/rescues/_trace.html.erb (2.0ms)
  Rendered /Users/viparthasarathy/.rvm/gems/ruby-2.2.3/gems/actionpack-4.2.6/lib/action_dispatch/middleware/templates/rescues/_request_and_response.html.erb (1.0ms)
  Rendered /Users/viparthasarathy/.rvm/gems/ruby-2.2.3/gems/actionpack-4.2.6/lib/action_dispatch/middleware/templates/rescues/diagnostics.html.erb within rescues/layout (53.0ms)
  Rendered /Users/viparthasarathy/.rvm/gems/ruby-2.2.3/gems/web-console-2.3.0/lib/web_console/templates/_markup.html.erb (0.4ms)
  Rendered /Users/viparthasarathy/.rvm/gems/ruby-2.2.3/gems/web-console-2.3.0/lib/web_console/templates/_inner_console_markup.html.erb within layouts/inlined_string (0.3ms)
  Rendered /Users/viparthasarathy/.rvm/gems/ruby-2.2.3/gems/web-console-2.3.0/lib/web_console/templates/_prompt_box_markup.html.erb within layouts/inlined_string (0.9ms)
  Rendered /Users/viparthasarathy/.rvm/gems/ruby-2.2.3/gems/web-console-2.3.0/lib/web_console/templates/style.css.erb within layouts/inlined_string (0.4ms)
  Rendered /Users/viparthasarathy/.rvm/gems/ruby-2.2.3/gems/web-console-2.3.0/lib/web_console/templates/console.js.erb within layouts/javascript (44.5ms)
  Rendered /Users/viparthasarathy/.rvm/gems/ruby-2.2.3/gems/web-console-2.3.0/lib/web_console/templates/main.js.erb within layouts/javascript (0.3ms)
  Rendered /Users/viparthasarathy/.rvm/gems/ruby-2.2.3/gems/web-console-2.3.0/lib/web_console/templates/error_page.js.erb within layouts/javascript (0.4ms)
  Rendered /Users/viparthasarathy/.rvm/gems/ruby-2.2.3/gems/web-console-2.3.0/lib/web_console/templates/index.html.erb (102.2ms)


Started POST "/users.json" for ::1 at 2016-07-03 14:20:56 -0700
Processing by Devise::RegistrationsController#create as JSON
  Parameters: {"user"=>{"email"=>"test@yahoo.com", "password"=>"[FILTERED]"}, "registration"=>{"user"=>{"email"=>"test@yahoo.com", "password"=>"[FILTERED]"}}}
  [1m[36m (0.1ms)[0m  [1mbegin transaction[0m
  [1m[35mUser Exists (0.1ms)[0m  SELECT  1 AS one FROM "users" WHERE "users"."email" = 'test@yahoo.com' LIMIT 1
  [1m[36mSQL (9.5ms)[0m  [1mINSERT INTO "users" ("email", "encrypted_password", "created_at", "updated_at") VALUES (?, ?, ?, ?)[0m  [["email", "test@yahoo.com"], ["encrypted_password", "$2a$10$4tnQdVchZqclFbsqGJeYfefRQOCnqAwfltCDrWkdp.kiYItNqewkW"], ["created_at", "2016-07-03 21:20:56.810018"], ["updated_at", "2016-07-03 21:20:56.810018"]]
  [1m[35m (1.0ms)[0m  commit transaction
  [1m[36m (0.1ms)[0m  [1mbegin transaction[0m
  [1m[35mSQL (0.3ms)[0m  UPDATE "users" SET "last_sign_in_at" = ?, "current_sign_in_at" = ?, "last_sign_in_ip" = ?, "current_sign_in_ip" = ?, "sign_in_count" = ?, "updated_at" = ? WHERE "users"."id" = ?  [["last_sign_in_at", "2016-07-03 21:20:56.822299"], ["current_sign_in_at", "2016-07-03 21:20:56.822299"], ["last_sign_in_ip", "::1"], ["current_sign_in_ip", "::1"], ["sign_in_count", 1], ["updated_at", "2016-07-03 21:20:56.823138"], ["id", 1]]
  [1m[36m (0.6ms)[0m  [1mcommit transaction[0m
Completed 406 Not Acceptable in 98ms (ActiveRecord: 11.6ms)

ActionController::UnknownFormat (ActionController::UnknownFormat):
  responders (2.2.0) lib/action_controller/respond_with.rb:207:in `respond_with'
  devise (3.4.1) app/controllers/devise/registrations_controller.rb:25:in `create'
  actionpack (4.2.6) lib/action_controller/metal/implicit_render.rb:4:in `send_action'
  actionpack (4.2.6) lib/abstract_controller/base.rb:198:in `process_action'
  actionpack (4.2.6) lib/action_controller/metal/rendering.rb:10:in `process_action'
  actionpack (4.2.6) lib/abstract_controller/callbacks.rb:20:in `block in process_action'
  activesupport (4.2.6) lib/active_support/callbacks.rb:117:in `call'
  activesupport (4.2.6) lib/active_support/callbacks.rb:117:in `call'
  activesupport (4.2.6) lib/active_support/callbacks.rb:555:in `block (2 levels) in compile'
  activesupport (4.2.6) lib/active_support/callbacks.rb:505:in `call'
  activesupport (4.2.6) lib/active_support/callbacks.rb:505:in `call'
  activesupport (4.2.6) lib/active_support/callbacks.rb:92:in `__run_callbacks__'
  activesupport (4.2.6) lib/active_support/callbacks.rb:778:in `_run_process_action_callbacks'
  activesupport (4.2.6) lib/active_support/callbacks.rb:81:in `run_callbacks'
  actionpack (4.2.6) lib/abstract_controller/callbacks.rb:19:in `process_action'
  actionpack (4.2.6) lib/action_controller/metal/rescue.rb:29:in `process_action'
  actionpack (4.2.6) lib/action_controller/metal/instrumentation.rb:32:in `block in process_action'
  activesupport (4.2.6) lib/active_support/notifications.rb:164:in `block in instrument'
  activesupport (4.2.6) lib/active_support/notifications/instrumenter.rb:20:in `instrument'
  activesupport (4.2.6) lib/active_support/notifications.rb:164:in `instrument'
  actionpack (4.2.6) lib/action_controller/metal/instrumentation.rb:30:in `process_action'
  actionpack (4.2.6) lib/action_controller/metal/params_wrapper.rb:250:in `process_action'
  activerecord (4.2.6) lib/active_record/railties/controller_runtime.rb:18:in `process_action'
  actionpack (4.2.6) lib/abstract_controller/base.rb:137:in `process'
  actionview (4.2.6) lib/action_view/rendering.rb:30:in `process'
  actionpack (4.2.6) lib/action_controller/metal.rb:196:in `dispatch'
  actionpack (4.2.6) lib/action_controller/metal/rack_delegation.rb:13:in `dispatch'
  actionpack (4.2.6) lib/action_controller/metal.rb:237:in `block in action'
  actionpack (4.2.6) lib/action_dispatch/routing/route_set.rb:74:in `call'
  actionpack (4.2.6) lib/action_dispatch/routing/route_set.rb:74:in `dispatch'
  actionpack (4.2.6) lib/action_dispatch/routing/route_set.rb:43:in `serve'
  actionpack (4.2.6) lib/action_dispatch/routing/mapper.rb:49:in `serve'
  actionpack (4.2.6) lib/action_dispatch/journey/router.rb:43:in `block in serve'
  actionpack (4.2.6) lib/action_dispatch/journey/router.rb:30:in `each'
  actionpack (4.2.6) lib/action_dispatch/journey/router.rb:30:in `serve'
  actionpack (4.2.6) lib/action_dispatch/routing/route_set.rb:817:in `call'
  warden (1.2.6) lib/warden/manager.rb:35:in `block in call'
  warden (1.2.6) lib/warden/manager.rb:34:in `catch'
  warden (1.2.6) lib/warden/manager.rb:34:in `call'
  rack (1.6.4) lib/rack/etag.rb:24:in `call'
  rack (1.6.4) lib/rack/conditionalget.rb:38:in `call'
  rack (1.6.4) lib/rack/head.rb:13:in `call'
  actionpack (4.2.6) lib/action_dispatch/middleware/params_parser.rb:27:in `call'
  actionpack (4.2.6) lib/action_dispatch/middleware/flash.rb:260:in `call'
  rack (1.6.4) lib/rack/session/abstract/id.rb:225:in `context'
  rack (1.6.4) lib/rack/session/abstract/id.rb:220:in `call'
  actionpack (4.2.6) lib/action_dispatch/middleware/cookies.rb:560:in `call'
  activerecord (4.2.6) lib/active_record/query_cache.rb:36:in `call'
  activerecord (4.2.6) lib/active_record/connection_adapters/abstract/connection_pool.rb:653:in `call'
  activerecord (4.2.6) lib/active_record/migration.rb:377:in `call'
  actionpack (4.2.6) lib/action_dispatch/middleware/callbacks.rb:29:in `block in call'
  activesupport (4.2.6) lib/active_support/callbacks.rb:88:in `__run_callbacks__'
  activesupport (4.2.6) lib/active_support/callbacks.rb:778:in `_run_call_callbacks'
  activesupport (4.2.6) lib/active_support/callbacks.rb:81:in `run_callbacks'
  actionpack (4.2.6) lib/action_dispatch/middleware/callbacks.rb:27:in `call'
  actionpack (4.2.6) lib/action_dispatch/middleware/reloader.rb:73:in `call'
  actionpack (4.2.6) lib/action_dispatch/middleware/remote_ip.rb:78:in `call'
  actionpack (4.2.6) lib/action_dispatch/middleware/debug_exceptions.rb:17:in `call'
  web-console (2.3.0) lib/web_console/middleware.rb:28:in `block in call'
  web-console (2.3.0) lib/web_console/middleware.rb:18:in `catch'
  web-console (2.3.0) lib/web_console/middleware.rb:18:in `call'
  actionpack (4.2.6) lib/action_dispatch/middleware/show_exceptions.rb:30:in `call'
  railties (4.2.6) lib/rails/rack/logger.rb:38:in `call_app'
  railties (4.2.6) lib/rails/rack/logger.rb:20:in `block in call'
  activesupport (4.2.6) lib/active_support/tagged_logging.rb:68:in `block in tagged'
  activesupport (4.2.6) lib/active_support/tagged_logging.rb:26:in `tagged'
  activesupport (4.2.6) lib/active_support/tagged_logging.rb:68:in `tagged'
  railties (4.2.6) lib/rails/rack/logger.rb:20:in `call'
  actionpack (4.2.6) lib/action_dispatch/middleware/request_id.rb:21:in `call'
  rack (1.6.4) lib/rack/methodoverride.rb:22:in `call'
  rack (1.6.4) lib/rack/runtime.rb:18:in `call'
  activesupport (4.2.6) lib/active_support/cache/strategy/local_cache_middleware.rb:28:in `call'
  rack (1.6.4) lib/rack/lock.rb:17:in `call'
  actionpack (4.2.6) lib/action_dispatch/middleware/static.rb:120:in `call'
  rack (1.6.4) lib/rack/sendfile.rb:113:in `call'
  railties (4.2.6) lib/rails/engine.rb:518:in `call'
  railties (4.2.6) lib/rails/application.rb:165:in `call'
  rack (1.6.4) lib/rack/lock.rb:17:in `call'
  rack (1.6.4) lib/rack/content_length.rb:15:in `call'
  rack (1.6.4) lib/rack/handler/webrick.rb:88:in `service'
  /Users/viparthasarathy/.rvm/rubies/ruby-2.2.3/lib/ruby/2.2.0/webrick/httpserver.rb:138:in `service'
  /Users/viparthasarathy/.rvm/rubies/ruby-2.2.3/lib/ruby/2.2.0/webrick/httpserver.rb:94:in `run'
  /Users/viparthasarathy/.rvm/rubies/ruby-2.2.3/lib/ruby/2.2.0/webrick/server.rb:294:in `block in start_thread'


  Rendered /Users/viparthasarathy/.rvm/gems/ruby-2.2.3/gems/actionpack-4.2.6/lib/action_dispatch/middleware/templates/rescues/_source.erb (3.7ms)
  Rendered /Users/viparthasarathy/.rvm/gems/ruby-2.2.3/gems/actionpack-4.2.6/lib/action_dispatch/middleware/templates/rescues/_trace.html.erb (2.0ms)
  Rendered /Users/viparthasarathy/.rvm/gems/ruby-2.2.3/gems/actionpack-4.2.6/lib/action_dispatch/middleware/templates/rescues/_request_and_response.html.erb (0.8ms)
  Rendered /Users/viparthasarathy/.rvm/gems/ruby-2.2.3/gems/actionpack-4.2.6/lib/action_dispatch/middleware/templates/rescues/diagnostics.html.erb within rescues/layout (43.6ms)
  Rendered /Users/viparthasarathy/.rvm/gems/ruby-2.2.3/gems/web-console-2.3.0/lib/web_console/templates/_markup.html.erb (0.3ms)
  Rendered /Users/viparthasarathy/.rvm/gems/ruby-2.2.3/gems/web-console-2.3.0/lib/web_console/templates/_inner_console_markup.html.erb within layouts/inlined_string (0.3ms)
  Rendered /Users/viparthasarathy/.rvm/gems/ruby-2.2.3/gems/web-console-2.3.0/lib/web_console/templates/_prompt_box_markup.html.erb within layouts/inlined_string (0.2ms)
  Rendered /Users/viparthasarathy/.rvm/gems/ruby-2.2.3/gems/web-console-2.3.0/lib/web_console/templates/style.css.erb within layouts/inlined_string (0.3ms)
  Rendered /Users/viparthasarathy/.rvm/gems/ruby-2.2.3/gems/web-console-2.3.0/lib/web_console/templates/console.js.erb within layouts/javascript (34.7ms)
  Rendered /Users/viparthasarathy/.rvm/gems/ruby-2.2.3/gems/web-console-2.3.0/lib/web_console/templates/main.js.erb within layouts/javascript (0.3ms)
  Rendered /Users/viparthasarathy/.rvm/gems/ruby-2.2.3/gems/web-console-2.3.0/lib/web_console/templates/error_page.js.erb within layouts/javascript (0.4ms)
  Rendered /Users/viparthasarathy/.rvm/gems/ruby-2.2.3/gems/web-console-2.3.0/lib/web_console/templates/index.html.erb (77.6ms)


Started GET "/" for ::1 at 2016-07-03 14:22:43 -0700
Processing by ApplicationController#angular as HTML
  Rendered layouts/application.html.erb within layouts/application (16.2ms)
Completed 200 OK in 25ms (Views: 24.1ms | ActiveRecord: 0.0ms)


Started GET "/assets/bootstrap/dist/css/bootstrap.self-598365399e6ae8f5a456a189663bac8ef9b8996ace38626328403f280fd63400.css?body=1" for ::1 at 2016-07-03 14:22:43 -0700


Started GET "/assets/angulardevise/lib/devise.self-633c6de0b47e944b4aab238ff501621349023b511d73dd13f10a376b89ea1a1b.js?body=1" for ::1 at 2016-07-03 14:22:43 -0700


Started GET "/assets/application.self-d885a0a66bd595c10edb24f8879f94e334d88be0730c4d7c7a7b57c731c09037.css?body=1" for ::1 at 2016-07-03 14:22:43 -0700


Started GET "/assets/angular-ui-router/release/angular-ui-router.self-75b555bd54e64f7d2b5892cbb6def68576df012a8139b5917c51407de696d0de.js?body=1" for ::1 at 2016-07-03 14:22:43 -0700


Started GET "/assets/angular/angular.self-09d22056f1fb887d7012ce3c2f5b58bf03df2dd7b91b6c2510a961ffccb25380.js?body=1" for ::1 at 2016-07-03 14:22:43 -0700


Started GET "/assets/angular-rails-templates.self-f73a25f00ce684992b28562a01665855f2aabcedd405901b89b47873f76ca8d1.js?body=1" for ::1 at 2016-07-03 14:22:43 -0700


Started GET "/assets/app.self-1004946124e078a95f33a081a67e82a10c4a86937d30f592893cb2b5608d0f28.js?body=1" for ::1 at 2016-07-03 14:22:43 -0700


Started GET "/assets/auth/AuthenticationController.self-d3c952b92241721cc73e5dac21ee46970c65c40e0551b490fa24666d45e6e7fc.js?body=1" for ::1 at 2016-07-03 14:22:43 -0700


Started GET "/assets/auth/_signin.self-4ffa13ad27768039cc158b096b9c71000583968fbf93b7a804eaa3d7fd948919.js?body=1" for ::1 at 2016-07-03 14:22:43 -0700


Started GET "/assets/auth/_signup.self-aaffda8b959fe2e056fe11a71f8e10a867cf2c0ab9af7356bf33171d3f6f9058.js?body=1" for ::1 at 2016-07-03 14:22:43 -0700


Started GET "/assets/nav/NavigationController.self-5607d3e638a76248f7199e53af0fddda4d85ba32571ad4ff074222de0bb96fe9.js?body=1" for ::1 at 2016-07-03 14:22:43 -0700


Started GET "/assets/nav/_nav.self-4c46cee7be5a4741d78e27a9914b8d8d4c97eccf48821dfab912097a49760fb5.js?body=1" for ::1 at 2016-07-03 14:22:43 -0700


Started GET "/assets/bootstrap/dist/css/bootstrap.css.map" for ::1 at 2016-07-03 14:22:43 -0700


Started GET "/assets/user/_user.self-080a56e5a2fb08da1353c49c5ab17f442d234901379f604c3d89648841fae0e0.js?body=1" for ::1 at 2016-07-03 14:22:43 -0700


Started GET "/assets/application.self-7c370d9536d7d0d6a0f7cd7f9826692acd93e4fb05ba46f7b630b879740343d3.js?body=1" for ::1 at 2016-07-03 14:22:43 -0700


Started GET "/assets/user/UserController.self-1f81fef022d1d920c6d7d9b197a07c1eb2e9ff58d1c244d4835d42b9d7d892fb.js?body=1" for ::1 at 2016-07-03 14:22:43 -0700


Started POST "/users/sign_in.json" for ::1 at 2016-07-03 14:22:43 -0700
Processing by Devise::SessionsController#create as JSON
  Parameters: {"user"=>{}, "session"=>{"user"=>{}}}
Completed 401 Unauthorized in 1ms (ActiveRecord: 0.0ms)


Started POST "/users.json" for ::1 at 2016-07-03 14:22:47 -0700
Processing by Devise::RegistrationsController#create as JSON
  Parameters: {"user"=>{"email"=>"test@yahoo.com", "password"=>"[FILTERED]"}, "registration"=>{"user"=>{"email"=>"test@yahoo.com", "password"=>"[FILTERED]"}}}
  [1m[35m (0.1ms)[0m  begin transaction
  [1m[36mUser Exists (0.2ms)[0m  [1mSELECT  1 AS one FROM "users" WHERE "users"."email" = 'test@yahoo.com' LIMIT 1[0m
  [1m[35m (0.1ms)[0m  rollback transaction
Completed 406 Not Acceptable in 82ms (ActiveRecord: 0.7ms)

ActionController::UnknownFormat (ActionController::UnknownFormat):
  responders (2.2.0) lib/action_controller/respond_with.rb:207:in `respond_with'
  devise (3.4.1) app/controllers/devise/registrations_controller.rb:37:in `create'
  actionpack (4.2.6) lib/action_controller/metal/implicit_render.rb:4:in `send_action'
  actionpack (4.2.6) lib/abstract_controller/base.rb:198:in `process_action'
  actionpack (4.2.6) lib/action_controller/metal/rendering.rb:10:in `process_action'
  actionpack (4.2.6) lib/abstract_controller/callbacks.rb:20:in `block in process_action'
  activesupport (4.2.6) lib/active_support/callbacks.rb:117:in `call'
  activesupport (4.2.6) lib/active_support/callbacks.rb:117:in `call'
  activesupport (4.2.6) lib/active_support/callbacks.rb:555:in `block (2 levels) in compile'
  activesupport (4.2.6) lib/active_support/callbacks.rb:505:in `call'
  activesupport (4.2.6) lib/active_support/callbacks.rb:505:in `call'
  activesupport (4.2.6) lib/active_support/callbacks.rb:92:in `__run_callbacks__'
  activesupport (4.2.6) lib/active_support/callbacks.rb:778:in `_run_process_action_callbacks'
  activesupport (4.2.6) lib/active_support/callbacks.rb:81:in `run_callbacks'
  actionpack (4.2.6) lib/abstract_controller/callbacks.rb:19:in `process_action'
  actionpack (4.2.6) lib/action_controller/metal/rescue.rb:29:in `process_action'
  actionpack (4.2.6) lib/action_controller/metal/instrumentation.rb:32:in `block in process_action'
  activesupport (4.2.6) lib/active_support/notifications.rb:164:in `block in instrument'
  activesupport (4.2.6) lib/active_support/notifications/instrumenter.rb:20:in `instrument'
  activesupport (4.2.6) lib/active_support/notifications.rb:164:in `instrument'
  actionpack (4.2.6) lib/action_controller/metal/instrumentation.rb:30:in `process_action'
  actionpack (4.2.6) lib/action_controller/metal/params_wrapper.rb:250:in `process_action'
  activerecord (4.2.6) lib/active_record/railties/controller_runtime.rb:18:in `process_action'
  actionpack (4.2.6) lib/abstract_controller/base.rb:137:in `process'
  actionview (4.2.6) lib/action_view/rendering.rb:30:in `process'
  actionpack (4.2.6) lib/action_controller/metal.rb:196:in `dispatch'
  actionpack (4.2.6) lib/action_controller/metal/rack_delegation.rb:13:in `dispatch'
  actionpack (4.2.6) lib/action_controller/metal.rb:237:in `block in action'
  actionpack (4.2.6) lib/action_dispatch/routing/route_set.rb:74:in `call'
  actionpack (4.2.6) lib/action_dispatch/routing/route_set.rb:74:in `dispatch'
  actionpack (4.2.6) lib/action_dispatch/routing/route_set.rb:43:in `serve'
  actionpack (4.2.6) lib/action_dispatch/routing/mapper.rb:49:in `serve'
  actionpack (4.2.6) lib/action_dispatch/journey/router.rb:43:in `block in serve'
  actionpack (4.2.6) lib/action_dispatch/journey/router.rb:30:in `each'
  actionpack (4.2.6) lib/action_dispatch/journey/router.rb:30:in `serve'
  actionpack (4.2.6) lib/action_dispatch/routing/route_set.rb:817:in `call'
  warden (1.2.6) lib/warden/manager.rb:35:in `block in call'
  warden (1.2.6) lib/warden/manager.rb:34:in `catch'
  warden (1.2.6) lib/warden/manager.rb:34:in `call'
  rack (1.6.4) lib/rack/etag.rb:24:in `call'
  rack (1.6.4) lib/rack/conditionalget.rb:38:in `call'
  rack (1.6.4) lib/rack/head.rb:13:in `call'
  actionpack (4.2.6) lib/action_dispatch/middleware/params_parser.rb:27:in `call'
  actionpack (4.2.6) lib/action_dispatch/middleware/flash.rb:260:in `call'
  rack (1.6.4) lib/rack/session/abstract/id.rb:225:in `context'
  rack (1.6.4) lib/rack/session/abstract/id.rb:220:in `call'
  actionpack (4.2.6) lib/action_dispatch/middleware/cookies.rb:560:in `call'
  activerecord (4.2.6) lib/active_record/query_cache.rb:36:in `call'
  activerecord (4.2.6) lib/active_record/connection_adapters/abstract/connection_pool.rb:653:in `call'
  activerecord (4.2.6) lib/active_record/migration.rb:377:in `call'
  actionpack (4.2.6) lib/action_dispatch/middleware/callbacks.rb:29:in `block in call'
  activesupport (4.2.6) lib/active_support/callbacks.rb:88:in `__run_callbacks__'
  activesupport (4.2.6) lib/active_support/callbacks.rb:778:in `_run_call_callbacks'
  activesupport (4.2.6) lib/active_support/callbacks.rb:81:in `run_callbacks'
  actionpack (4.2.6) lib/action_dispatch/middleware/callbacks.rb:27:in `call'
  actionpack (4.2.6) lib/action_dispatch/middleware/reloader.rb:73:in `call'
  actionpack (4.2.6) lib/action_dispatch/middleware/remote_ip.rb:78:in `call'
  actionpack (4.2.6) lib/action_dispatch/middleware/debug_exceptions.rb:17:in `call'
  web-console (2.3.0) lib/web_console/middleware.rb:28:in `block in call'
  web-console (2.3.0) lib/web_console/middleware.rb:18:in `catch'
  web-console (2.3.0) lib/web_console/middleware.rb:18:in `call'
  actionpack (4.2.6) lib/action_dispatch/middleware/show_exceptions.rb:30:in `call'
  railties (4.2.6) lib/rails/rack/logger.rb:38:in `call_app'
  railties (4.2.6) lib/rails/rack/logger.rb:20:in `block in call'
  activesupport (4.2.6) lib/active_support/tagged_logging.rb:68:in `block in tagged'
  activesupport (4.2.6) lib/active_support/tagged_logging.rb:26:in `tagged'
  activesupport (4.2.6) lib/active_support/tagged_logging.rb:68:in `tagged'
  railties (4.2.6) lib/rails/rack/logger.rb:20:in `call'
  actionpack (4.2.6) lib/action_dispatch/middleware/request_id.rb:21:in `call'
  rack (1.6.4) lib/rack/methodoverride.rb:22:in `call'
  rack (1.6.4) lib/rack/runtime.rb:18:in `call'
  activesupport (4.2.6) lib/active_support/cache/strategy/local_cache_middleware.rb:28:in `call'
  rack (1.6.4) lib/rack/lock.rb:17:in `call'
  actionpack (4.2.6) lib/action_dispatch/middleware/static.rb:120:in `call'
  rack (1.6.4) lib/rack/sendfile.rb:113:in `call'
  railties (4.2.6) lib/rails/engine.rb:518:in `call'
  railties (4.2.6) lib/rails/application.rb:165:in `call'
  rack (1.6.4) lib/rack/lock.rb:17:in `call'
  rack (1.6.4) lib/rack/content_length.rb:15:in `call'
  rack (1.6.4) lib/rack/handler/webrick.rb:88:in `service'
  /Users/viparthasarathy/.rvm/rubies/ruby-2.2.3/lib/ruby/2.2.0/webrick/httpserver.rb:138:in `service'
  /Users/viparthasarathy/.rvm/rubies/ruby-2.2.3/lib/ruby/2.2.0/webrick/httpserver.rb:94:in `run'
  /Users/viparthasarathy/.rvm/rubies/ruby-2.2.3/lib/ruby/2.2.0/webrick/server.rb:294:in `block in start_thread'


  Rendered /Users/viparthasarathy/.rvm/gems/ruby-2.2.3/gems/actionpack-4.2.6/lib/action_dispatch/middleware/templates/rescues/_source.erb (4.3ms)
  Rendered /Users/viparthasarathy/.rvm/gems/ruby-2.2.3/gems/actionpack-4.2.6/lib/action_dispatch/middleware/templates/rescues/_trace.html.erb (1.7ms)
  Rendered /Users/viparthasarathy/.rvm/gems/ruby-2.2.3/gems/actionpack-4.2.6/lib/action_dispatch/middleware/templates/rescues/_request_and_response.html.erb (0.8ms)
  Rendered /Users/viparthasarathy/.rvm/gems/ruby-2.2.3/gems/actionpack-4.2.6/lib/action_dispatch/middleware/templates/rescues/diagnostics.html.erb within rescues/layout (44.1ms)
  Rendered /Users/viparthasarathy/.rvm/gems/ruby-2.2.3/gems/web-console-2.3.0/lib/web_console/templates/_markup.html.erb (0.3ms)
  Rendered /Users/viparthasarathy/.rvm/gems/ruby-2.2.3/gems/web-console-2.3.0/lib/web_console/templates/_inner_console_markup.html.erb within layouts/inlined_string (0.3ms)
  Rendered /Users/viparthasarathy/.rvm/gems/ruby-2.2.3/gems/web-console-2.3.0/lib/web_console/templates/_prompt_box_markup.html.erb within layouts/inlined_string (0.2ms)
  Rendered /Users/viparthasarathy/.rvm/gems/ruby-2.2.3/gems/web-console-2.3.0/lib/web_console/templates/style.css.erb within layouts/inlined_string (0.3ms)
  Rendered /Users/viparthasarathy/.rvm/gems/ruby-2.2.3/gems/web-console-2.3.0/lib/web_console/templates/console.js.erb within layouts/javascript (34.6ms)
  Rendered /Users/viparthasarathy/.rvm/gems/ruby-2.2.3/gems/web-console-2.3.0/lib/web_console/templates/main.js.erb within layouts/javascript (0.3ms)
  Rendered /Users/viparthasarathy/.rvm/gems/ruby-2.2.3/gems/web-console-2.3.0/lib/web_console/templates/error_page.js.erb within layouts/javascript (0.3ms)
  Rendered /Users/viparthasarathy/.rvm/gems/ruby-2.2.3/gems/web-console-2.3.0/lib/web_console/templates/index.html.erb (77.4ms)


Started GET "/" for ::1 at 2016-07-03 14:23:03 -0700
Processing by ApplicationController#angular as HTML
  Rendered layouts/application.html.erb within layouts/application (25.5ms)
Completed 200 OK in 36ms (Views: 35.0ms | ActiveRecord: 0.0ms)


Started GET "/assets/bootstrap/dist/css/bootstrap.self-598365399e6ae8f5a456a189663bac8ef9b8996ace38626328403f280fd63400.css?body=1" for ::1 at 2016-07-03 14:23:03 -0700


Started GET "/assets/angular-ui-router/release/angular-ui-router.self-75b555bd54e64f7d2b5892cbb6def68576df012a8139b5917c51407de696d0de.js?body=1" for ::1 at 2016-07-03 14:23:03 -0700


Started GET "/assets/angular-rails-templates.self-f73a25f00ce684992b28562a01665855f2aabcedd405901b89b47873f76ca8d1.js?body=1" for ::1 at 2016-07-03 14:23:03 -0700


Started GET "/assets/angulardevise/lib/devise.self-633c6de0b47e944b4aab238ff501621349023b511d73dd13f10a376b89ea1a1b.js?body=1" for ::1 at 2016-07-03 14:23:03 -0700


Started GET "/assets/angular/angular.self-09d22056f1fb887d7012ce3c2f5b58bf03df2dd7b91b6c2510a961ffccb25380.js?body=1" for ::1 at 2016-07-03 14:23:03 -0700


Started GET "/assets/application.self-d885a0a66bd595c10edb24f8879f94e334d88be0730c4d7c7a7b57c731c09037.css?body=1" for ::1 at 2016-07-03 14:23:03 -0700


Started GET "/assets/app.self-1004946124e078a95f33a081a67e82a10c4a86937d30f592893cb2b5608d0f28.js?body=1" for ::1 at 2016-07-03 14:23:03 -0700


Started GET "/assets/auth/AuthenticationController.self-d3c952b92241721cc73e5dac21ee46970c65c40e0551b490fa24666d45e6e7fc.js?body=1" for ::1 at 2016-07-03 14:23:03 -0700


Started GET "/assets/auth/_signin.self-4ffa13ad27768039cc158b096b9c71000583968fbf93b7a804eaa3d7fd948919.js?body=1" for ::1 at 2016-07-03 14:23:03 -0700


Started GET "/assets/auth/_signup.self-aaffda8b959fe2e056fe11a71f8e10a867cf2c0ab9af7356bf33171d3f6f9058.js?body=1" for ::1 at 2016-07-03 14:23:03 -0700


Started GET "/assets/nav/NavigationController.self-5607d3e638a76248f7199e53af0fddda4d85ba32571ad4ff074222de0bb96fe9.js?body=1" for ::1 at 2016-07-03 14:23:03 -0700


Started GET "/assets/nav/_nav.self-4c46cee7be5a4741d78e27a9914b8d8d4c97eccf48821dfab912097a49760fb5.js?body=1" for ::1 at 2016-07-03 14:23:03 -0700


Started GET "/assets/user/UserController.self-1f81fef022d1d920c6d7d9b197a07c1eb2e9ff58d1c244d4835d42b9d7d892fb.js?body=1" for ::1 at 2016-07-03 14:23:03 -0700


Started GET "/assets/user/_user.self-080a56e5a2fb08da1353c49c5ab17f442d234901379f604c3d89648841fae0e0.js?body=1" for ::1 at 2016-07-03 14:23:03 -0700


Started GET "/assets/application.self-7c370d9536d7d0d6a0f7cd7f9826692acd93e4fb05ba46f7b630b879740343d3.js?body=1" for ::1 at 2016-07-03 14:23:03 -0700


Started GET "/assets/bootstrap/dist/css/bootstrap.css.map" for ::1 at 2016-07-03 14:23:03 -0700


Started POST "/users/sign_in.json" for ::1 at 2016-07-03 14:23:03 -0700
Processing by Devise::SessionsController#create as JSON
  Parameters: {"user"=>{}, "session"=>{"user"=>{}}}
Completed 401 Unauthorized in 1ms (ActiveRecord: 0.0ms)


Started GET "/" for ::1 at 2016-07-03 14:23:09 -0700
  [1m[36mActiveRecord::SchemaMigration Load (0.1ms)[0m  [1mSELECT "schema_migrations".* FROM "schema_migrations"[0m
Processing by ApplicationController#angular as HTML
  Rendered layouts/application.html.erb within layouts/application (489.7ms)
Completed 200 OK in 518ms (Views: 508.7ms | ActiveRecord: 0.0ms)


Started GET "/assets/bootstrap/dist/css/bootstrap.self-598365399e6ae8f5a456a189663bac8ef9b8996ace38626328403f280fd63400.css?body=1" for ::1 at 2016-07-03 14:23:10 -0700


Started GET "/assets/application.self-d885a0a66bd595c10edb24f8879f94e334d88be0730c4d7c7a7b57c731c09037.css?body=1" for ::1 at 2016-07-03 14:23:10 -0700


Started GET "/assets/angulardevise/lib/devise.self-633c6de0b47e944b4aab238ff501621349023b511d73dd13f10a376b89ea1a1b.js?body=1" for ::1 at 2016-07-03 14:23:10 -0700


Started GET "/assets/angular/angular.self-09d22056f1fb887d7012ce3c2f5b58bf03df2dd7b91b6c2510a961ffccb25380.js?body=1" for ::1 at 2016-07-03 14:23:10 -0700


Started GET "/assets/angular-rails-templates.self-f73a25f00ce684992b28562a01665855f2aabcedd405901b89b47873f76ca8d1.js?body=1" for ::1 at 2016-07-03 14:23:10 -0700


Started GET "/assets/app.self-1004946124e078a95f33a081a67e82a10c4a86937d30f592893cb2b5608d0f28.js?body=1" for ::1 at 2016-07-03 14:23:10 -0700


Started GET "/assets/auth/AuthenticationController.self-d3c952b92241721cc73e5dac21ee46970c65c40e0551b490fa24666d45e6e7fc.js?body=1" for ::1 at 2016-07-03 14:23:10 -0700


Started GET "/assets/angular-ui-router/release/angular-ui-router.self-75b555bd54e64f7d2b5892cbb6def68576df012a8139b5917c51407de696d0de.js?body=1" for ::1 at 2016-07-03 14:23:10 -0700


Started GET "/assets/auth/_signin.self-4ffa13ad27768039cc158b096b9c71000583968fbf93b7a804eaa3d7fd948919.js?body=1" for ::1 at 2016-07-03 14:23:10 -0700


Started GET "/assets/auth/_signup.self-aaffda8b959fe2e056fe11a71f8e10a867cf2c0ab9af7356bf33171d3f6f9058.js?body=1" for ::1 at 2016-07-03 14:23:10 -0700


Started GET "/assets/nav/NavigationController.self-5607d3e638a76248f7199e53af0fddda4d85ba32571ad4ff074222de0bb96fe9.js?body=1" for ::1 at 2016-07-03 14:23:10 -0700


Started GET "/assets/nav/_nav.self-4c46cee7be5a4741d78e27a9914b8d8d4c97eccf48821dfab912097a49760fb5.js?body=1" for ::1 at 2016-07-03 14:23:10 -0700


Started GET "/assets/user/UserController.self-1f81fef022d1d920c6d7d9b197a07c1eb2e9ff58d1c244d4835d42b9d7d892fb.js?body=1" for ::1 at 2016-07-03 14:23:10 -0700


Started GET "/assets/user/_user.self-080a56e5a2fb08da1353c49c5ab17f442d234901379f604c3d89648841fae0e0.js?body=1" for ::1 at 2016-07-03 14:23:10 -0700


Started GET "/assets/application.self-7c370d9536d7d0d6a0f7cd7f9826692acd93e4fb05ba46f7b630b879740343d3.js?body=1" for ::1 at 2016-07-03 14:23:10 -0700


Started GET "/assets/bootstrap/dist/css/bootstrap.css.map" for ::1 at 2016-07-03 14:23:10 -0700


Started POST "/users/sign_in.json" for ::1 at 2016-07-03 14:23:10 -0700
Processing by Devise::SessionsController#create as JSON
  Parameters: {"user"=>{}, "session"=>{"user"=>{}}}
Completed 401 Unauthorized in 4ms (ActiveRecord: 0.0ms)


Started POST "/users.json" for ::1 at 2016-07-03 14:23:16 -0700
Processing by Devise::RegistrationsController#create as JSON
  Parameters: {"user"=>{"email"=>"Test@yahoo.com", "password"=>"[FILTERED]"}, "registration"=>{"user"=>{"email"=>"Test@yahoo.com", "password"=>"[FILTERED]"}}}
  [1m[35m (0.1ms)[0m  begin transaction
  [1m[36mUser Exists (0.1ms)[0m  [1mSELECT  1 AS one FROM "users" WHERE "users"."email" = 'test@yahoo.com' LIMIT 1[0m
  [1m[35m (0.1ms)[0m  rollback transaction
Completed 422 Unprocessable Entity in 93ms (Views: 0.2ms | ActiveRecord: 0.6ms)


Started GET "/" for ::1 at 2016-07-03 14:24:20 -0700
Processing by ApplicationController#angular as HTML
  Rendered layouts/application.html.erb within layouts/application (16.8ms)
Completed 200 OK in 24ms (Views: 24.0ms | ActiveRecord: 0.0ms)


Started GET "/assets/application.self-d885a0a66bd595c10edb24f8879f94e334d88be0730c4d7c7a7b57c731c09037.css?body=1" for ::1 at 2016-07-03 14:24:20 -0700


Started GET "/assets/bootstrap/dist/css/bootstrap.self-598365399e6ae8f5a456a189663bac8ef9b8996ace38626328403f280fd63400.css?body=1" for ::1 at 2016-07-03 14:24:20 -0700


Started GET "/assets/angulardevise/lib/devise.self-633c6de0b47e944b4aab238ff501621349023b511d73dd13f10a376b89ea1a1b.js?body=1" for ::1 at 2016-07-03 14:24:20 -0700


Started GET "/assets/angular/angular.self-09d22056f1fb887d7012ce3c2f5b58bf03df2dd7b91b6c2510a961ffccb25380.js?body=1" for ::1 at 2016-07-03 14:24:20 -0700


Started GET "/assets/app.self-1004946124e078a95f33a081a67e82a10c4a86937d30f592893cb2b5608d0f28.js?body=1" for ::1 at 2016-07-03 14:24:20 -0700


Started GET "/assets/angular-rails-templates.self-f73a25f00ce684992b28562a01665855f2aabcedd405901b89b47873f76ca8d1.js?body=1" for ::1 at 2016-07-03 14:24:20 -0700


Started GET "/assets/angular-ui-router/release/angular-ui-router.self-75b555bd54e64f7d2b5892cbb6def68576df012a8139b5917c51407de696d0de.js?body=1" for ::1 at 2016-07-03 14:24:20 -0700


Started GET "/assets/auth/AuthenticationController.self-d3c952b92241721cc73e5dac21ee46970c65c40e0551b490fa24666d45e6e7fc.js?body=1" for ::1 at 2016-07-03 14:24:20 -0700


Started GET "/assets/auth/_signin.self-4ffa13ad27768039cc158b096b9c71000583968fbf93b7a804eaa3d7fd948919.js?body=1" for ::1 at 2016-07-03 14:24:20 -0700


Started GET "/assets/auth/_signup.self-aaffda8b959fe2e056fe11a71f8e10a867cf2c0ab9af7356bf33171d3f6f9058.js?body=1" for ::1 at 2016-07-03 14:24:20 -0700


Started GET "/assets/nav/NavigationController.self-5607d3e638a76248f7199e53af0fddda4d85ba32571ad4ff074222de0bb96fe9.js?body=1" for ::1 at 2016-07-03 14:24:20 -0700


Started GET "/assets/nav/_nav.self-4c46cee7be5a4741d78e27a9914b8d8d4c97eccf48821dfab912097a49760fb5.js?body=1" for ::1 at 2016-07-03 14:24:20 -0700


Started GET "/assets/user/UserController.self-1f81fef022d1d920c6d7d9b197a07c1eb2e9ff58d1c244d4835d42b9d7d892fb.js?body=1" for ::1 at 2016-07-03 14:24:20 -0700


Started GET "/assets/user/_user.self-080a56e5a2fb08da1353c49c5ab17f442d234901379f604c3d89648841fae0e0.js?body=1" for ::1 at 2016-07-03 14:24:20 -0700


Started GET "/assets/application.self-7c370d9536d7d0d6a0f7cd7f9826692acd93e4fb05ba46f7b630b879740343d3.js?body=1" for ::1 at 2016-07-03 14:24:20 -0700


Started GET "/assets/bootstrap/dist/css/bootstrap.css.map" for ::1 at 2016-07-03 14:24:20 -0700


Started POST "/users/sign_in.json" for ::1 at 2016-07-03 14:24:20 -0700
Processing by Devise::SessionsController#create as JSON
  Parameters: {"user"=>{}, "session"=>{"user"=>{}}}
Completed 401 Unauthorized in 1ms (ActiveRecord: 0.0ms)


Started POST "/users.json" for ::1 at 2016-07-03 14:24:27 -0700
Processing by Devise::RegistrationsController#create as JSON
  Parameters: {"user"=>{"email"=>"Test@yahoo.com", "password"=>"[FILTERED]"}, "registration"=>{"user"=>{"email"=>"Test@yahoo.com", "password"=>"[FILTERED]"}}}
  [1m[36m (0.1ms)[0m  [1mbegin transaction[0m
  [1m[35mUser Exists (0.1ms)[0m  SELECT  1 AS one FROM "users" WHERE "users"."email" = 'test@yahoo.com' LIMIT 1
  [1m[36m (0.0ms)[0m  [1mrollback transaction[0m
Completed 422 Unprocessable Entity in 75ms (Views: 0.1ms | ActiveRecord: 0.2ms)


Started POST "/users.json" for ::1 at 2016-07-03 14:24:34 -0700
Processing by Devise::RegistrationsController#create as JSON
  Parameters: {"user"=>{"email"=>"Test@yahoo.com", "password"=>"[FILTERED]"}, "registration"=>{"user"=>{"email"=>"Test@yahoo.com", "password"=>"[FILTERED]"}}}
  [1m[35m (0.1ms)[0m  begin transaction
  [1m[36mUser Exists (0.1ms)[0m  [1mSELECT  1 AS one FROM "users" WHERE "users"."email" = 'test@yahoo.com' LIMIT 1[0m
  [1m[35m (0.1ms)[0m  rollback transaction
Completed 422 Unprocessable Entity in 75ms (Views: 0.2ms | ActiveRecord: 0.3ms)


Started POST "/users.json" for ::1 at 2016-07-03 14:24:39 -0700
Processing by Devise::RegistrationsController#create as JSON
  Parameters: {"user"=>{"email"=>"Creation@yahoo.com", "password"=>"[FILTERED]"}, "registration"=>{"user"=>{"email"=>"Creation@yahoo.com", "password"=>"[FILTERED]"}}}
  [1m[36m (0.1ms)[0m  [1mbegin transaction[0m
  [1m[35mUser Exists (0.1ms)[0m  SELECT  1 AS one FROM "users" WHERE "users"."email" = 'creation@yahoo.com' LIMIT 1
  [1m[36mSQL (0.3ms)[0m  [1mINSERT INTO "users" ("email", "encrypted_password", "created_at", "updated_at") VALUES (?, ?, ?, ?)[0m  [["email", "creation@yahoo.com"], ["encrypted_password", "$2a$10$WZhmYcBM/eZBx/AEANOuwOvLLi5JeBWzddwCshaBnWgH5ZTWfMrMm"], ["created_at", "2016-07-03 21:24:39.361431"], ["updated_at", "2016-07-03 21:24:39.361431"]]
  [1m[35m (8.9ms)[0m  commit transaction
  [1m[36m (0.1ms)[0m  [1mbegin transaction[0m
  [1m[35mSQL (0.3ms)[0m  UPDATE "users" SET "last_sign_in_at" = ?, "current_sign_in_at" = ?, "last_sign_in_ip" = ?, "current_sign_in_ip" = ?, "sign_in_count" = ?, "updated_at" = ? WHERE "users"."id" = ?  [["last_sign_in_at", "2016-07-03 21:24:39.372170"], ["current_sign_in_at", "2016-07-03 21:24:39.372170"], ["last_sign_in_ip", "::1"], ["current_sign_in_ip", "::1"], ["sign_in_count", 1], ["updated_at", "2016-07-03 21:24:39.373074"], ["id", 2]]
  [1m[36m (0.7ms)[0m  [1mcommit transaction[0m
Completed 201 Created in 103ms (Views: 0.4ms | ActiveRecord: 10.5ms)


Started POST "/users.json" for ::1 at 2016-07-03 14:24:56 -0700
Processing by Devise::RegistrationsController#create as JSON
  Parameters: {"user"=>{"email"=>"Vidul@yahoo.com", "password"=>"[FILTERED]"}, "registration"=>{"user"=>{"email"=>"Vidul@yahoo.com", "password"=>"[FILTERED]"}}}
  [1m[35m (0.2ms)[0m  begin transaction
  [1m[36mUser Exists (0.1ms)[0m  [1mSELECT  1 AS one FROM "users" WHERE "users"."email" = 'vidul@yahoo.com' LIMIT 1[0m
  [1m[35m (0.1ms)[0m  rollback transaction
Completed 422 Unprocessable Entity in 75ms (Views: 0.1ms | ActiveRecord: 0.3ms)


Started GET "/" for ::1 at 2016-07-03 14:25:33 -0700
  [1m[36mActiveRecord::SchemaMigration Load (0.1ms)[0m  [1mSELECT "schema_migrations".* FROM "schema_migrations"[0m
Processing by ApplicationController#angular as HTML
  Rendered layouts/application.html.erb within layouts/application (501.1ms)
Completed 200 OK in 529ms (Views: 519.8ms | ActiveRecord: 0.0ms)


Started GET "/assets/bootstrap/dist/css/bootstrap.self-598365399e6ae8f5a456a189663bac8ef9b8996ace38626328403f280fd63400.css?body=1" for ::1 at 2016-07-03 14:25:34 -0700


Started GET "/assets/application.self-d885a0a66bd595c10edb24f8879f94e334d88be0730c4d7c7a7b57c731c09037.css?body=1" for ::1 at 2016-07-03 14:25:34 -0700


Started GET "/assets/angular/angular.self-09d22056f1fb887d7012ce3c2f5b58bf03df2dd7b91b6c2510a961ffccb25380.js?body=1" for ::1 at 2016-07-03 14:25:34 -0700


Started GET "/assets/app.self-1004946124e078a95f33a081a67e82a10c4a86937d30f592893cb2b5608d0f28.js?body=1" for ::1 at 2016-07-03 14:25:34 -0700


Started GET "/assets/angular-rails-templates.self-f73a25f00ce684992b28562a01665855f2aabcedd405901b89b47873f76ca8d1.js?body=1" for ::1 at 2016-07-03 14:25:34 -0700


Started GET "/assets/angulardevise/lib/devise.self-633c6de0b47e944b4aab238ff501621349023b511d73dd13f10a376b89ea1a1b.js?body=1" for ::1 at 2016-07-03 14:25:34 -0700


Started GET "/assets/angular-ui-router/release/angular-ui-router.self-75b555bd54e64f7d2b5892cbb6def68576df012a8139b5917c51407de696d0de.js?body=1" for ::1 at 2016-07-03 14:25:34 -0700


Started GET "/assets/auth/AuthenticationController.self-d3c952b92241721cc73e5dac21ee46970c65c40e0551b490fa24666d45e6e7fc.js?body=1" for ::1 at 2016-07-03 14:25:34 -0700


Started GET "/assets/auth/_signin.self-4ffa13ad27768039cc158b096b9c71000583968fbf93b7a804eaa3d7fd948919.js?body=1" for ::1 at 2016-07-03 14:25:34 -0700


Started GET "/assets/auth/_signup.self-aaffda8b959fe2e056fe11a71f8e10a867cf2c0ab9af7356bf33171d3f6f9058.js?body=1" for ::1 at 2016-07-03 14:25:34 -0700


Started GET "/assets/nav/NavigationController.self-5607d3e638a76248f7199e53af0fddda4d85ba32571ad4ff074222de0bb96fe9.js?body=1" for ::1 at 2016-07-03 14:25:34 -0700


Started GET "/assets/nav/_nav.self-4c46cee7be5a4741d78e27a9914b8d8d4c97eccf48821dfab912097a49760fb5.js?body=1" for ::1 at 2016-07-03 14:25:34 -0700


Started GET "/assets/user/UserController.self-1f81fef022d1d920c6d7d9b197a07c1eb2e9ff58d1c244d4835d42b9d7d892fb.js?body=1" for ::1 at 2016-07-03 14:25:34 -0700


Started GET "/assets/user/_user.self-080a56e5a2fb08da1353c49c5ab17f442d234901379f604c3d89648841fae0e0.js?body=1" for ::1 at 2016-07-03 14:25:34 -0700


Started GET "/assets/application.self-7c370d9536d7d0d6a0f7cd7f9826692acd93e4fb05ba46f7b630b879740343d3.js?body=1" for ::1 at 2016-07-03 14:25:34 -0700


Started GET "/assets/bootstrap/dist/css/bootstrap.css.map" for ::1 at 2016-07-03 14:25:34 -0700


Started POST "/users/sign_in.json" for ::1 at 2016-07-03 14:25:34 -0700
Processing by Devise::SessionsController#create as JSON
  Parameters: {"user"=>{}, "session"=>{"user"=>{}}}
  [1m[35mUser Load (0.2ms)[0m  SELECT  "users".* FROM "users" WHERE "users"."id" = ?  ORDER BY "users"."id" ASC LIMIT 1  [["id", 2]]
Completed 201 Created in 30ms (Views: 1.0ms | ActiveRecord: 0.6ms)


Started POST "/users.json" for ::1 at 2016-07-03 14:25:38 -0700
Processing by Devise::RegistrationsController#create as JSON
  Parameters: {"user"=>{"email"=>"Vidul@yahoo.com", "password"=>"[FILTERED]"}, "registration"=>{"user"=>{"email"=>"Vidul@yahoo.com", "password"=>"[FILTERED]"}}}
  [1m[36m (0.1ms)[0m  [1mbegin transaction[0m
  [1m[35mUser Exists (0.1ms)[0m  SELECT  1 AS one FROM "users" WHERE "users"."email" = 'vidul@yahoo.com' LIMIT 1
  [1m[36mSQL (0.3ms)[0m  [1mINSERT INTO "users" ("email", "encrypted_password", "created_at", "updated_at") VALUES (?, ?, ?, ?)[0m  [["email", "vidul@yahoo.com"], ["encrypted_password", "$2a$10$aw6inu.PA/QZwlpmhhucYOf2rQaBqQfknK9N64/KdXoTQmVYmTx3i"], ["created_at", "2016-07-03 21:25:38.516093"], ["updated_at", "2016-07-03 21:25:38.516093"]]
  [1m[35m (9.0ms)[0m  commit transaction
  [1m[36mUser Load (0.2ms)[0m  [1mSELECT  "users".* FROM "users" WHERE "users"."id" = ?  ORDER BY "users"."id" ASC LIMIT 1[0m  [["id", 2]]
  [1m[35m (0.1ms)[0m  begin transaction
  [1m[36mSQL (0.3ms)[0m  [1mUPDATE "users" SET "last_sign_in_at" = ?, "current_sign_in_at" = ?, "last_sign_in_ip" = ?, "current_sign_in_ip" = ?, "sign_in_count" = ?, "updated_at" = ? WHERE "users"."id" = ?[0m  [["last_sign_in_at", "2016-07-03 21:25:38.528354"], ["current_sign_in_at", "2016-07-03 21:25:38.528354"], ["last_sign_in_ip", "::1"], ["current_sign_in_ip", "::1"], ["sign_in_count", 1], ["updated_at", "2016-07-03 21:25:38.529251"], ["id", 3]]
  [1m[35m (0.8ms)[0m  commit transaction
Completed 201 Created in 105ms (Views: 0.3ms | ActiveRecord: 10.9ms)
